<?xml version="1.0" encoding="UTF-8"?>
<coverage generated="1626569695357" clover="3.2.0">
  <project timestamp="1626569695357" name="All files">
    <metrics statements="30" coveredstatements="30" conditionals="15" coveredconditionals="11" methods="3" coveredmethods="3" elements="48" coveredelements="44" complexity="0" loc="30" ncloc="30" packages="1" files="2" classes="2"/>
    <file name="errorhandler.js" path="/home/calvin-ubuntu/Arkademy/Tugas/Tugas_RestApi/src/helpers/errorhandler.js">
      <metrics statements="22" coveredstatements="22" conditionals="15" coveredconditionals="11" methods="2" coveredmethods="2"/>
      <line num="2" count="8" type="stmt"/>
      <line num="4" count="8" type="cond" truecount="8" falsecount="0"/>
      <line num="6" count="1" type="stmt"/>
      <line num="7" count="1" type="stmt"/>
      <line num="9" count="1" type="stmt"/>
      <line num="10" count="1" type="stmt"/>
      <line num="12" count="1" type="stmt"/>
      <line num="13" count="1" type="stmt"/>
      <line num="15" count="1" type="stmt"/>
      <line num="16" count="1" type="stmt"/>
      <line num="18" count="1" type="stmt"/>
      <line num="19" count="1" type="stmt"/>
      <line num="21" count="1" type="stmt"/>
      <line num="22" count="1" type="stmt"/>
      <line num="24" count="1" type="stmt"/>
      <line num="25" count="1" type="stmt"/>
      <line num="27" count="1" type="stmt"/>
      <line num="30" count="8" type="stmt"/>
      <line num="31" count="8" type="cond" truecount="2" falsecount="0"/>
      <line num="34" count="8" type="stmt"/>
      <line num="41" count="8" type="stmt"/>
      <line num="44" count="1" type="stmt"/>
    </file>
    <file name="hash.js" path="/home/calvin-ubuntu/Arkademy/Tugas/Tugas_RestApi/src/helpers/hash.js">
      <metrics statements="8" coveredstatements="8" conditionals="0" coveredconditionals="0" methods="1" coveredmethods="1"/>
      <line num="1" count="1" type="stmt"/>
      <line num="2" count="1" type="stmt"/>
      <line num="5" count="2" type="stmt"/>
      <line num="6" count="2" type="stmt"/>
      <line num="7" count="2" type="stmt"/>
      <line num="8" count="1" type="stmt"/>
      <line num="10" count="1" type="stmt"/>
      <line num="14" count="1" type="stmt"/>
    </file>
  </project>
</coverage>
