{"/home/calvin-ubuntu/Arkademy/Tugas/Tugas_RestApi/app.js": {"path":"/home/calvin-ubuntu/Arkademy/Tugas/Tugas_RestApi/app.js","statementMap":{"0":{"start":{"line":1,"column":0},"end":{"line":1,"column":25}},"1":{"start":{"line":2,"column":16},"end":{"line":2,"column":34}},"2":{"start":{"line":3,"column":12},"end":{"line":3,"column":21}},"3":{"start":{"line":4,"column":15},"end":{"line":4,"column":32}},"4":{"start":{"line":5,"column":13},"end":{"line":5,"column":34}},"5":{"start":{"line":7,"column":0},"end":{"line":7,"column":23}},"6":{"start":{"line":8,"column":0},"end":{"line":8,"column":24}},"7":{"start":{"line":9,"column":0},"end":{"line":9,"column":48}},"8":{"start":{"line":11,"column":0},"end":{"line":11,"column":14}},"9":{"start":{"line":13,"column":0},"end":{"line":13,"column":21}}},"fnMap":{},"branchMap":{},"s":{"0":1,"1":1,"2":1,"3":1,"4":1,"5":1,"6":1,"7":1,"8":1,"9":1},"f":{},"b":{},"_coverageSchema":"1a1c01bbd47fc00a2c39e90264f33305004495a9","hash":"73f443ff67f3f51cd924eb770953498d8d63871d"}
,"/home/calvin-ubuntu/Arkademy/Tugas/Tugas_RestApi/src/main.js": {"path":"/home/calvin-ubuntu/Arkademy/Tugas/Tugas_RestApi/src/main.js","statementMap":{"0":{"start":{"line":1,"column":16},"end":{"line":1,"column":34}},"1":{"start":{"line":2,"column":15},"end":{"line":2,"column":31}},"2":{"start":{"line":3,"column":17},"end":{"line":3,"column":45}},"3":{"start":{"line":4,"column":12},"end":{"line":4,"column":35}},"4":{"start":{"line":5,"column":17},"end":{"line":5,"column":45}},"5":{"start":{"line":6,"column":14},"end":{"line":6,"column":39}},"6":{"start":{"line":7,"column":15},"end":{"line":7,"column":41}},"7":{"start":{"line":8,"column":14},"end":{"line":8,"column":39}},"8":{"start":{"line":9,"column":24},"end":{"line":9,"column":55}},"9":{"start":{"line":11,"column":0},"end":{"line":11,"column":29}},"10":{"start":{"line":12,"column":0},"end":{"line":12,"column":34}},"11":{"start":{"line":13,"column":0},"end":{"line":13,"column":24}},"12":{"start":{"line":14,"column":0},"end":{"line":14,"column":34}},"13":{"start":{"line":15,"column":0},"end":{"line":15,"column":27}},"14":{"start":{"line":16,"column":0},"end":{"line":16,"column":30}},"15":{"start":{"line":17,"column":0},"end":{"line":17,"column":28}},"16":{"start":{"line":18,"column":0},"end":{"line":20,"column":3}},"17":{"start":{"line":19,"column":1},"end":{"line":19,"column":28}},"18":{"start":{"line":22,"column":0},"end":{"line":22,"column":24}}},"fnMap":{"0":{"name":"(anonymous_0)","decl":{"start":{"line":18,"column":16},"end":{"line":18,"column":17}},"loc":{"start":{"line":18,"column":30},"end":{"line":20,"column":1}},"line":18}},"branchMap":{},"s":{"0":1,"1":1,"2":1,"3":1,"4":1,"5":1,"6":1,"7":1,"8":1,"9":1,"10":1,"11":1,"12":1,"13":1,"14":1,"15":1,"16":1,"17":0,"18":1},"f":{"0":0},"b":{},"_coverageSchema":"1a1c01bbd47fc00a2c39e90264f33305004495a9","hash":"61439837a9ea7b1be24b628d4b78db66098dd638"}
,"/home/calvin-ubuntu/Arkademy/Tugas/Tugas_RestApi/src/configs/cloudinary.js": {"path":"/home/calvin-ubuntu/Arkademy/Tugas/Tugas_RestApi/src/configs/cloudinary.js","statementMap":{"0":{"start":{"line":1,"column":29},"end":{"line":1,"column":53}},"1":{"start":{"line":3,"column":20},"end":{"line":10,"column":1}},"2":{"start":{"line":4,"column":1},"end":{"line":8,"column":4}},"3":{"start":{"line":9,"column":1},"end":{"line":9,"column":8}},"4":{"start":{"line":12,"column":0},"end":{"line":12,"column":43}}},"fnMap":{"0":{"name":"(anonymous_0)","decl":{"start":{"line":3,"column":20},"end":{"line":3,"column":21}},"loc":{"start":{"line":3,"column":40},"end":{"line":10,"column":1}},"line":3}},"branchMap":{},"s":{"0":2,"1":2,"2":16,"3":16,"4":2},"f":{"0":16},"b":{},"_coverageSchema":"1a1c01bbd47fc00a2c39e90264f33305004495a9","hash":"cf323ec3b0416a4a34db85fd6ef008490eda6b93"}
,"/home/calvin-ubuntu/Arkademy/Tugas/Tugas_RestApi/src/configs/db.js": {"path":"/home/calvin-ubuntu/Arkademy/Tugas/Tugas_RestApi/src/configs/db.js","statementMap":{"0":{"start":{"line":1,"column":17},"end":{"line":1,"column":30}},"1":{"start":{"line":3,"column":13},"end":{"line":9,"column":2}},"2":{"start":{"line":11,"column":0},"end":{"line":11,"column":22}}},"fnMap":{},"branchMap":{},"s":{"0":1,"1":1,"2":1},"f":{},"b":{},"_coverageSchema":"1a1c01bbd47fc00a2c39e90264f33305004495a9","hash":"ef7e7fef40902d872cd533edb1e6d7a6e12d99a3"}
,"/home/calvin-ubuntu/Arkademy/Tugas/Tugas_RestApi/src/configs/redis.js": {"path":"/home/calvin-ubuntu/Arkademy/Tugas/Tugas_RestApi/src/configs/redis.js","statementMap":{"0":{"start":{"line":1,"column":14},"end":{"line":1,"column":30}},"1":{"start":{"line":5,"column":2},"end":{"line":8,"column":5}},"2":{"start":{"line":12,"column":2},"end":{"line":22,"column":5}},"3":{"start":{"line":13,"column":3},"end":{"line":21,"column":6}},"4":{"start":{"line":14,"column":4},"end":{"line":16,"column":5}},"5":{"start":{"line":15,"column":5},"end":{"line":15,"column":17}},"6":{"start":{"line":18,"column":4},"end":{"line":20,"column":5}},"7":{"start":{"line":19,"column":5},"end":{"line":19,"column":48}},"8":{"start":{"line":26,"column":0},"end":{"line":26,"column":29}}},"fnMap":{"0":{"name":"(anonymous_0)","decl":{"start":{"line":4,"column":1},"end":{"line":4,"column":2}},"loc":{"start":{"line":4,"column":15},"end":{"line":9,"column":2}},"line":4},"1":{"name":"(anonymous_1)","decl":{"start":{"line":11,"column":1},"end":{"line":11,"column":2}},"loc":{"start":{"line":11,"column":9},"end":{"line":23,"column":2}},"line":11},"2":{"name":"(anonymous_2)","decl":{"start":{"line":12,"column":21},"end":{"line":12,"column":22}},"loc":{"start":{"line":12,"column":42},"end":{"line":22,"column":3}},"line":12},"3":{"name":"(anonymous_3)","decl":{"start":{"line":13,"column":31},"end":{"line":13,"column":32}},"loc":{"start":{"line":13,"column":45},"end":{"line":21,"column":4}},"line":13}},"branchMap":{"0":{"loc":{"start":{"line":14,"column":4},"end":{"line":16,"column":5}},"type":"if","locations":[{"start":{"line":14,"column":4},"end":{"line":16,"column":5}},{"start":{"line":14,"column":4},"end":{"line":16,"column":5}}],"line":14},"1":{"loc":{"start":{"line":18,"column":4},"end":{"line":20,"column":5}},"type":"if","locations":[{"start":{"line":18,"column":4},"end":{"line":20,"column":5}},{"start":{"line":18,"column":4},"end":{"line":20,"column":5}}],"line":18},"2":{"loc":{"start":{"line":18,"column":8},"end":{"line":18,"column":34}},"type":"binary-expr","locations":[{"start":{"line":18,"column":8},"end":{"line":18,"column":19}},{"start":{"line":18,"column":23},"end":{"line":18,"column":34}}],"line":18}},"s":{"0":1,"1":1,"2":0,"3":0,"4":0,"5":0,"6":0,"7":0,"8":1},"f":{"0":1,"1":0,"2":0,"3":0},"b":{"0":[0,0],"1":[0,0],"2":[0,0]},"_coverageSchema":"1a1c01bbd47fc00a2c39e90264f33305004495a9","hash":"af8ee798fee96faa9cd7c041782342f0cd0a6464"}
,"/home/calvin-ubuntu/Arkademy/Tugas/Tugas_RestApi/src/configs/sequelize.js": {"path":"/home/calvin-ubuntu/Arkademy/Tugas/Tugas_RestApi/src/configs/sequelize.js","statementMap":{"0":{"start":{"line":1,"column":22},"end":{"line":1,"column":42}},"1":{"start":{"line":3,"column":18},"end":{"line":11,"column":2}},"2":{"start":{"line":13,"column":0},"end":{"line":13,"column":27}}},"fnMap":{},"branchMap":{},"s":{"0":1,"1":1,"2":1},"f":{},"b":{},"_coverageSchema":"1a1c01bbd47fc00a2c39e90264f33305004495a9","hash":"e6b0dbdbc9b81bcd1444c118b968742a6483458e"}
,"/home/calvin-ubuntu/Arkademy/Tugas/Tugas_RestApi/src/controllers/bag.js": {"path":"/home/calvin-ubuntu/Arkademy/Tugas/Tugas_RestApi/src/controllers/bag.js","statementMap":{"0":{"start":{"line":1,"column":18},"end":{"line":1,"column":20}},"1":{"start":{"line":2,"column":17},"end":{"line":2,"column":41}},"2":{"start":{"line":3,"column":16},"end":{"line":3,"column":50}},"3":{"start":{"line":4,"column":20},"end":{"line":4,"column":47}},"4":{"start":{"line":5,"column":15},"end":{"line":5,"column":43}},"5":{"start":{"line":7,"column":0},"end":{"line":18,"column":2}},"6":{"start":{"line":8,"column":1},"end":{"line":17,"column":2}},"7":{"start":{"line":9,"column":17},"end":{"line":9,"column":43}},"8":{"start":{"line":10,"column":15},"end":{"line":10,"column":37}},"9":{"start":{"line":11,"column":2},"end":{"line":11,"column":36}},"10":{"start":{"line":12,"column":2},"end":{"line":12,"column":33}},"11":{"start":{"line":13,"column":2},"end":{"line":13,"column":28}},"12":{"start":{"line":15,"column":2},"end":{"line":15,"column":21}},"13":{"start":{"line":16,"column":2},"end":{"line":16,"column":27}},"14":{"start":{"line":20,"column":0},"end":{"line":28,"column":2}},"15":{"start":{"line":21,"column":1},"end":{"line":27,"column":2}},"16":{"start":{"line":22,"column":17},"end":{"line":22,"column":52}},"17":{"start":{"line":23,"column":2},"end":{"line":23,"column":25}},"18":{"start":{"line":24,"column":2},"end":{"line":24,"column":28}},"19":{"start":{"line":26,"column":2},"end":{"line":26,"column":27}},"20":{"start":{"line":30,"column":0},"end":{"line":38,"column":2}},"21":{"start":{"line":31,"column":1},"end":{"line":37,"column":2}},"22":{"start":{"line":32,"column":17},"end":{"line":32,"column":51}},"23":{"start":{"line":33,"column":2},"end":{"line":33,"column":25}},"24":{"start":{"line":34,"column":2},"end":{"line":34,"column":28}},"25":{"start":{"line":36,"column":2},"end":{"line":36,"column":27}},"26":{"start":{"line":40,"column":0},"end":{"line":40,"column":27}}},"fnMap":{"0":{"name":"(anonymous_0)","decl":{"start":{"line":7,"column":19},"end":{"line":7,"column":20}},"loc":{"start":{"line":7,"column":39},"end":{"line":18,"column":1}},"line":7},"1":{"name":"(anonymous_1)","decl":{"start":{"line":20,"column":23},"end":{"line":20,"column":24}},"loc":{"start":{"line":20,"column":43},"end":{"line":28,"column":1}},"line":20},"2":{"name":"(anonymous_2)","decl":{"start":{"line":30,"column":27},"end":{"line":30,"column":28}},"loc":{"start":{"line":30,"column":47},"end":{"line":38,"column":1}},"line":30}},"branchMap":{},"s":{"0":1,"1":1,"2":1,"3":1,"4":1,"5":1,"6":0,"7":0,"8":0,"9":0,"10":0,"11":0,"12":0,"13":0,"14":1,"15":0,"16":0,"17":0,"18":0,"19":0,"20":1,"21":0,"22":0,"23":0,"24":0,"25":0,"26":1},"f":{"0":0,"1":0,"2":0},"b":{},"_coverageSchema":"1a1c01bbd47fc00a2c39e90264f33305004495a9","hash":"ba66348d8ecddf6c1e3b274156218f7e168c8686"}
,"/home/calvin-ubuntu/Arkademy/Tugas/Tugas_RestApi/src/controllers/category.js": {"path":"/home/calvin-ubuntu/Arkademy/Tugas/Tugas_RestApi/src/controllers/category.js","statementMap":{"0":{"start":{"line":1,"column":23},"end":{"line":1,"column":25}},"1":{"start":{"line":2,"column":22},"end":{"line":2,"column":51}},"2":{"start":{"line":3,"column":16},"end":{"line":3,"column":50}},"3":{"start":{"line":5,"column":0},"end":{"line":12,"column":2}},"4":{"start":{"line":6,"column":1},"end":{"line":11,"column":2}},"5":{"start":{"line":7,"column":17},"end":{"line":7,"column":50}},"6":{"start":{"line":8,"column":2},"end":{"line":8,"column":28}},"7":{"start":{"line":10,"column":2},"end":{"line":10,"column":27}},"8":{"start":{"line":14,"column":0},"end":{"line":21,"column":2}},"9":{"start":{"line":15,"column":1},"end":{"line":20,"column":2}},"10":{"start":{"line":16,"column":17},"end":{"line":16,"column":50}},"11":{"start":{"line":17,"column":2},"end":{"line":17,"column":28}},"12":{"start":{"line":19,"column":2},"end":{"line":19,"column":27}},"13":{"start":{"line":23,"column":0},"end":{"line":30,"column":2}},"14":{"start":{"line":24,"column":1},"end":{"line":29,"column":2}},"15":{"start":{"line":25,"column":17},"end":{"line":25,"column":54}},"16":{"start":{"line":26,"column":2},"end":{"line":26,"column":28}},"17":{"start":{"line":28,"column":2},"end":{"line":28,"column":27}},"18":{"start":{"line":32,"column":0},"end":{"line":39,"column":2}},"19":{"start":{"line":33,"column":1},"end":{"line":38,"column":2}},"20":{"start":{"line":34,"column":17},"end":{"line":34,"column":61}},"21":{"start":{"line":35,"column":2},"end":{"line":35,"column":28}},"22":{"start":{"line":37,"column":2},"end":{"line":37,"column":27}},"23":{"start":{"line":41,"column":0},"end":{"line":49,"column":2}},"24":{"start":{"line":42,"column":1},"end":{"line":48,"column":2}},"25":{"start":{"line":43,"column":2},"end":{"line":43,"column":28}},"26":{"start":{"line":44,"column":17},"end":{"line":44,"column":57}},"27":{"start":{"line":45,"column":2},"end":{"line":45,"column":28}},"28":{"start":{"line":47,"column":2},"end":{"line":47,"column":27}},"29":{"start":{"line":51,"column":0},"end":{"line":51,"column":32}}},"fnMap":{"0":{"name":"(anonymous_0)","decl":{"start":{"line":5,"column":24},"end":{"line":5,"column":25}},"loc":{"start":{"line":5,"column":44},"end":{"line":12,"column":1}},"line":5},"1":{"name":"(anonymous_1)","decl":{"start":{"line":14,"column":24},"end":{"line":14,"column":25}},"loc":{"start":{"line":14,"column":44},"end":{"line":21,"column":1}},"line":14},"2":{"name":"(anonymous_2)","decl":{"start":{"line":23,"column":29},"end":{"line":23,"column":30}},"loc":{"start":{"line":23,"column":49},"end":{"line":30,"column":1}},"line":23},"3":{"name":"(anonymous_3)","decl":{"start":{"line":32,"column":32},"end":{"line":32,"column":33}},"loc":{"start":{"line":32,"column":52},"end":{"line":39,"column":1}},"line":32},"4":{"name":"(anonymous_4)","decl":{"start":{"line":41,"column":32},"end":{"line":41,"column":33}},"loc":{"start":{"line":41,"column":52},"end":{"line":49,"column":1}},"line":41}},"branchMap":{},"s":{"0":1,"1":1,"2":1,"3":1,"4":0,"5":0,"6":0,"7":0,"8":1,"9":0,"10":0,"11":0,"12":0,"13":1,"14":0,"15":0,"16":0,"17":0,"18":1,"19":0,"20":0,"21":0,"22":0,"23":1,"24":0,"25":0,"26":0,"27":0,"28":0,"29":1},"f":{"0":0,"1":0,"2":0,"3":0,"4":0},"b":{},"_coverageSchema":"1a1c01bbd47fc00a2c39e90264f33305004495a9","hash":"2e76243fdc61ccae3c4ea2e4076a1a41cef97ca9"}
,"/home/calvin-ubuntu/Arkademy/Tugas/Tugas_RestApi/src/controllers/login_customers.js": {"path":"/home/calvin-ubuntu/Arkademy/Tugas/Tugas_RestApi/src/controllers/login_customers.js","statementMap":{"0":{"start":{"line":1,"column":20},"end":{"line":1,"column":22}},"1":{"start":{"line":2,"column":19},"end":{"line":2,"column":45}},"2":{"start":{"line":3,"column":16},"end":{"line":3,"column":50}},"3":{"start":{"line":4,"column":15},"end":{"line":4,"column":32}},"4":{"start":{"line":5,"column":12},"end":{"line":5,"column":35}},"5":{"start":{"line":7,"column":14},"end":{"line":23,"column":1}},"6":{"start":{"line":8,"column":1},"end":{"line":22,"column":2}},"7":{"start":{"line":9,"column":18},"end":{"line":12,"column":3}},"8":{"start":{"line":13,"column":16},"end":{"line":13,"column":75}},"9":{"start":{"line":14,"column":17},"end":{"line":17,"column":3}},"10":{"start":{"line":19,"column":2},"end":{"line":19,"column":16}},"11":{"start":{"line":21,"column":2},"end":{"line":21,"column":14}},"12":{"start":{"line":25,"column":0},"end":{"line":40,"column":2}},"13":{"start":{"line":26,"column":1},"end":{"line":39,"column":2}},"14":{"start":{"line":27,"column":17},"end":{"line":27,"column":60}},"15":{"start":{"line":28,"column":19},"end":{"line":28,"column":32}},"16":{"start":{"line":29,"column":16},"end":{"line":29,"column":62}},"17":{"start":{"line":30,"column":2},"end":{"line":35,"column":3}},"18":{"start":{"line":31,"column":18},"end":{"line":31,"column":45}},"19":{"start":{"line":32,"column":3},"end":{"line":32,"column":36}},"20":{"start":{"line":34,"column":3},"end":{"line":34,"column":41}},"21":{"start":{"line":37,"column":2},"end":{"line":37,"column":21}},"22":{"start":{"line":38,"column":2},"end":{"line":38,"column":58}},"23":{"start":{"line":42,"column":0},"end":{"line":42,"column":29}}},"fnMap":{"0":{"name":"(anonymous_0)","decl":{"start":{"line":7,"column":14},"end":{"line":7,"column":15}},"loc":{"start":{"line":7,"column":31},"end":{"line":23,"column":1}},"line":7},"1":{"name":"(anonymous_1)","decl":{"start":{"line":25,"column":20},"end":{"line":25,"column":21}},"loc":{"start":{"line":25,"column":40},"end":{"line":40,"column":1}},"line":25}},"branchMap":{"0":{"loc":{"start":{"line":30,"column":2},"end":{"line":35,"column":3}},"type":"if","locations":[{"start":{"line":30,"column":2},"end":{"line":35,"column":3}},{"start":{"line":30,"column":2},"end":{"line":35,"column":3}}],"line":30}},"s":{"0":1,"1":1,"2":1,"3":1,"4":1,"5":1,"6":0,"7":0,"8":0,"9":0,"10":0,"11":0,"12":1,"13":0,"14":0,"15":0,"16":0,"17":0,"18":0,"19":0,"20":0,"21":0,"22":0,"23":1},"f":{"0":0,"1":0},"b":{"0":[0,0]},"_coverageSchema":"1a1c01bbd47fc00a2c39e90264f33305004495a9","hash":"eeb33013cd59cc3fdc1a1db561ce5bce9a12f3e2"}
,"/home/calvin-ubuntu/Arkademy/Tugas/Tugas_RestApi/src/controllers/login_seller.js": {"path":"/home/calvin-ubuntu/Arkademy/Tugas/Tugas_RestApi/src/controllers/login_seller.js","statementMap":{"0":{"start":{"line":1,"column":20},"end":{"line":1,"column":22}},"1":{"start":{"line":2,"column":20},"end":{"line":2,"column":47}},"2":{"start":{"line":3,"column":16},"end":{"line":3,"column":50}},"3":{"start":{"line":4,"column":15},"end":{"line":4,"column":32}},"4":{"start":{"line":5,"column":12},"end":{"line":5,"column":35}},"5":{"start":{"line":7,"column":14},"end":{"line":23,"column":1}},"6":{"start":{"line":8,"column":1},"end":{"line":22,"column":2}},"7":{"start":{"line":9,"column":18},"end":{"line":12,"column":3}},"8":{"start":{"line":13,"column":16},"end":{"line":13,"column":75}},"9":{"start":{"line":14,"column":17},"end":{"line":17,"column":3}},"10":{"start":{"line":19,"column":2},"end":{"line":19,"column":16}},"11":{"start":{"line":21,"column":2},"end":{"line":21,"column":14}},"12":{"start":{"line":25,"column":0},"end":{"line":40,"column":2}},"13":{"start":{"line":26,"column":1},"end":{"line":39,"column":2}},"14":{"start":{"line":27,"column":17},"end":{"line":27,"column":61}},"15":{"start":{"line":28,"column":19},"end":{"line":28,"column":32}},"16":{"start":{"line":29,"column":16},"end":{"line":29,"column":62}},"17":{"start":{"line":30,"column":2},"end":{"line":35,"column":3}},"18":{"start":{"line":31,"column":18},"end":{"line":31,"column":45}},"19":{"start":{"line":32,"column":3},"end":{"line":32,"column":36}},"20":{"start":{"line":34,"column":3},"end":{"line":34,"column":41}},"21":{"start":{"line":37,"column":2},"end":{"line":37,"column":21}},"22":{"start":{"line":38,"column":2},"end":{"line":38,"column":56}},"23":{"start":{"line":42,"column":0},"end":{"line":42,"column":29}}},"fnMap":{"0":{"name":"(anonymous_0)","decl":{"start":{"line":7,"column":14},"end":{"line":7,"column":15}},"loc":{"start":{"line":7,"column":31},"end":{"line":23,"column":1}},"line":7},"1":{"name":"(anonymous_1)","decl":{"start":{"line":25,"column":20},"end":{"line":25,"column":21}},"loc":{"start":{"line":25,"column":40},"end":{"line":40,"column":1}},"line":25}},"branchMap":{"0":{"loc":{"start":{"line":30,"column":2},"end":{"line":35,"column":3}},"type":"if","locations":[{"start":{"line":30,"column":2},"end":{"line":35,"column":3}},{"start":{"line":30,"column":2},"end":{"line":35,"column":3}}],"line":30}},"s":{"0":1,"1":1,"2":1,"3":1,"4":1,"5":1,"6":0,"7":0,"8":0,"9":0,"10":0,"11":0,"12":1,"13":0,"14":0,"15":0,"16":0,"17":0,"18":0,"19":0,"20":0,"21":0,"22":0,"23":1},"f":{"0":0,"1":0},"b":{"0":[0,0]},"_coverageSchema":"1a1c01bbd47fc00a2c39e90264f33305004495a9","hash":"78eaf12320a8352ce1d62650d978b5593e68f4e5"}
,"/home/calvin-ubuntu/Arkademy/Tugas/Tugas_RestApi/src/controllers/products.js": {"path":"/home/calvin-ubuntu/Arkademy/Tugas/Tugas_RestApi/src/controllers/products.js","statementMap":{"0":{"start":{"line":1,"column":23},"end":{"line":1,"column":25}},"1":{"start":{"line":2,"column":21},"end":{"line":2,"column":50}},"2":{"start":{"line":3,"column":16},"end":{"line":3,"column":50}},"3":{"start":{"line":4,"column":27},"end":{"line":4,"column":61}},"4":{"start":{"line":5,"column":20},"end":{"line":5,"column":47}},"5":{"start":{"line":6,"column":15},"end":{"line":6,"column":43}},"6":{"start":{"line":8,"column":0},"end":{"line":18,"column":2}},"7":{"start":{"line":9,"column":1},"end":{"line":17,"column":2}},"8":{"start":{"line":10,"column":17},"end":{"line":10,"column":44}},"9":{"start":{"line":11,"column":15},"end":{"line":11,"column":37}},"10":{"start":{"line":12,"column":2},"end":{"line":12,"column":36}},"11":{"start":{"line":13,"column":2},"end":{"line":13,"column":32}},"12":{"start":{"line":14,"column":2},"end":{"line":14,"column":28}},"13":{"start":{"line":16,"column":2},"end":{"line":16,"column":27}},"14":{"start":{"line":20,"column":0},"end":{"line":27,"column":2}},"15":{"start":{"line":21,"column":1},"end":{"line":26,"column":2}},"16":{"start":{"line":22,"column":17},"end":{"line":22,"column":74}},"17":{"start":{"line":23,"column":2},"end":{"line":23,"column":28}},"18":{"start":{"line":25,"column":2},"end":{"line":25,"column":27}},"19":{"start":{"line":29,"column":0},"end":{"line":40,"column":2}},"20":{"start":{"line":30,"column":1},"end":{"line":39,"column":2}},"21":{"start":{"line":31,"column":17},"end":{"line":31,"column":55}},"22":{"start":{"line":32,"column":2},"end":{"line":36,"column":3}},"23":{"start":{"line":33,"column":3},"end":{"line":33,"column":29}},"24":{"start":{"line":35,"column":3},"end":{"line":35,"column":58}},"25":{"start":{"line":38,"column":2},"end":{"line":38,"column":27}},"26":{"start":{"line":42,"column":0},"end":{"line":50,"column":2}},"27":{"start":{"line":43,"column":1},"end":{"line":49,"column":2}},"28":{"start":{"line":44,"column":2},"end":{"line":44,"column":29}},"29":{"start":{"line":45,"column":17},"end":{"line":45,"column":56}},"30":{"start":{"line":46,"column":2},"end":{"line":46,"column":28}},"31":{"start":{"line":48,"column":2},"end":{"line":48,"column":27}},"32":{"start":{"line":52,"column":0},"end":{"line":84,"column":2}},"33":{"start":{"line":53,"column":1},"end":{"line":83,"column":2}},"34":{"start":{"line":54,"column":14},"end":{"line":54,"column":26}},"35":{"start":{"line":55,"column":2},"end":{"line":58,"column":3}},"36":{"start":{"line":56,"column":18},"end":{"line":56,"column":57}},"37":{"start":{"line":57,"column":3},"end":{"line":57,"column":29}},"38":{"start":{"line":59,"column":2},"end":{"line":62,"column":3}},"39":{"start":{"line":60,"column":18},"end":{"line":60,"column":56}},"40":{"start":{"line":61,"column":3},"end":{"line":61,"column":29}},"41":{"start":{"line":63,"column":2},"end":{"line":66,"column":3}},"42":{"start":{"line":64,"column":18},"end":{"line":64,"column":50}},"43":{"start":{"line":65,"column":3},"end":{"line":65,"column":29}},"44":{"start":{"line":67,"column":2},"end":{"line":70,"column":3}},"45":{"start":{"line":68,"column":18},"end":{"line":68,"column":51}},"46":{"start":{"line":69,"column":3},"end":{"line":69,"column":29}},"47":{"start":{"line":71,"column":2},"end":{"line":74,"column":3}},"48":{"start":{"line":72,"column":18},"end":{"line":72,"column":49}},"49":{"start":{"line":73,"column":3},"end":{"line":73,"column":29}},"50":{"start":{"line":75,"column":2},"end":{"line":80,"column":3}},"51":{"start":{"line":76,"column":18},"end":{"line":76,"column":49}},"52":{"start":{"line":77,"column":3},"end":{"line":77,"column":29}},"53":{"start":{"line":78,"column":3},"end":{"line":78,"column":5}},"54":{"start":{"line":79,"column":3},"end":{"line":79,"column":36}},"55":{"start":{"line":82,"column":2},"end":{"line":82,"column":27}},"56":{"start":{"line":86,"column":0},"end":{"line":94,"column":2}},"57":{"start":{"line":87,"column":1},"end":{"line":93,"column":2}},"58":{"start":{"line":88,"column":17},"end":{"line":88,"column":56}},"59":{"start":{"line":89,"column":2},"end":{"line":89,"column":25}},"60":{"start":{"line":90,"column":2},"end":{"line":90,"column":28}},"61":{"start":{"line":92,"column":2},"end":{"line":92,"column":27}},"62":{"start":{"line":96,"column":0},"end":{"line":122,"column":2}},"63":{"start":{"line":97,"column":1},"end":{"line":121,"column":2}},"64":{"start":{"line":98,"column":16},"end":{"line":98,"column":53}},"65":{"start":{"line":99,"column":17},"end":{"line":99,"column":19}},"66":{"start":{"line":100,"column":2},"end":{"line":104,"column":3}},"67":{"start":{"line":101,"column":3},"end":{"line":101,"column":58}},"68":{"start":{"line":102,"column":9},"end":{"line":104,"column":3}},"69":{"start":{"line":103,"column":3},"end":{"line":103,"column":54}},"70":{"start":{"line":105,"column":15},"end":{"line":113,"column":3}},"71":{"start":{"line":114,"column":2},"end":{"line":114,"column":20}},"72":{"start":{"line":115,"column":17},"end":{"line":115,"column":55}},"73":{"start":{"line":116,"column":2},"end":{"line":116,"column":25}},"74":{"start":{"line":117,"column":2},"end":{"line":117,"column":28}},"75":{"start":{"line":119,"column":2},"end":{"line":119,"column":21}},"76":{"start":{"line":120,"column":2},"end":{"line":120,"column":27}},"77":{"start":{"line":124,"column":0},"end":{"line":133,"column":2}},"78":{"start":{"line":125,"column":1},"end":{"line":132,"column":2}},"79":{"start":{"line":126,"column":2},"end":{"line":126,"column":28}},"80":{"start":{"line":127,"column":17},"end":{"line":127,"column":56}},"81":{"start":{"line":128,"column":2},"end":{"line":128,"column":25}},"82":{"start":{"line":129,"column":2},"end":{"line":129,"column":28}},"83":{"start":{"line":131,"column":2},"end":{"line":131,"column":27}},"84":{"start":{"line":135,"column":0},"end":{"line":157,"column":2}},"85":{"start":{"line":136,"column":1},"end":{"line":156,"column":2}},"86":{"start":{"line":137,"column":17},"end":{"line":137,"column":19}},"87":{"start":{"line":138,"column":2},"end":{"line":140,"column":3}},"88":{"start":{"line":139,"column":3},"end":{"line":139,"column":54}},"89":{"start":{"line":141,"column":15},"end":{"line":148,"column":3}},"90":{"start":{"line":150,"column":17},"end":{"line":150,"column":52}},"91":{"start":{"line":151,"column":2},"end":{"line":151,"column":25}},"92":{"start":{"line":152,"column":2},"end":{"line":152,"column":28}},"93":{"start":{"line":154,"column":2},"end":{"line":154,"column":21}},"94":{"start":{"line":155,"column":2},"end":{"line":155,"column":27}},"95":{"start":{"line":159,"column":0},"end":{"line":159,"column":32}}},"fnMap":{"0":{"name":"(anonymous_0)","decl":{"start":{"line":8,"column":32},"end":{"line":8,"column":33}},"loc":{"start":{"line":8,"column":52},"end":{"line":18,"column":1}},"line":8},"1":{"name":"(anonymous_1)","decl":{"start":{"line":20,"column":29},"end":{"line":20,"column":30}},"loc":{"start":{"line":20,"column":49},"end":{"line":27,"column":1}},"line":20},"2":{"name":"(anonymous_2)","decl":{"start":{"line":29,"column":28},"end":{"line":29,"column":29}},"loc":{"start":{"line":29,"column":48},"end":{"line":40,"column":1}},"line":29},"3":{"name":"(anonymous_3)","decl":{"start":{"line":42,"column":30},"end":{"line":42,"column":31}},"loc":{"start":{"line":42,"column":50},"end":{"line":50,"column":1}},"line":42},"4":{"name":"(anonymous_4)","decl":{"start":{"line":52,"column":22},"end":{"line":52,"column":23}},"loc":{"start":{"line":52,"column":42},"end":{"line":84,"column":1}},"line":52},"5":{"name":"(anonymous_5)","decl":{"start":{"line":86,"column":26},"end":{"line":86,"column":27}},"loc":{"start":{"line":86,"column":46},"end":{"line":94,"column":1}},"line":86},"6":{"name":"(anonymous_6)","decl":{"start":{"line":96,"column":31},"end":{"line":96,"column":32}},"loc":{"start":{"line":96,"column":51},"end":{"line":122,"column":1}},"line":96},"7":{"name":"(anonymous_7)","decl":{"start":{"line":124,"column":31},"end":{"line":124,"column":32}},"loc":{"start":{"line":124,"column":51},"end":{"line":133,"column":1}},"line":124},"8":{"name":"(anonymous_8)","decl":{"start":{"line":135,"column":30},"end":{"line":135,"column":31}},"loc":{"start":{"line":135,"column":50},"end":{"line":157,"column":1}},"line":135}},"branchMap":{"0":{"loc":{"start":{"line":32,"column":2},"end":{"line":36,"column":3}},"type":"if","locations":[{"start":{"line":32,"column":2},"end":{"line":36,"column":3}},{"start":{"line":32,"column":2},"end":{"line":36,"column":3}}],"line":32},"1":{"loc":{"start":{"line":55,"column":2},"end":{"line":58,"column":3}},"type":"if","locations":[{"start":{"line":55,"column":2},"end":{"line":58,"column":3}},{"start":{"line":55,"column":2},"end":{"line":58,"column":3}}],"line":55},"2":{"loc":{"start":{"line":59,"column":2},"end":{"line":62,"column":3}},"type":"if","locations":[{"start":{"line":59,"column":2},"end":{"line":62,"column":3}},{"start":{"line":59,"column":2},"end":{"line":62,"column":3}}],"line":59},"3":{"loc":{"start":{"line":63,"column":2},"end":{"line":66,"column":3}},"type":"if","locations":[{"start":{"line":63,"column":2},"end":{"line":66,"column":3}},{"start":{"line":63,"column":2},"end":{"line":66,"column":3}}],"line":63},"4":{"loc":{"start":{"line":67,"column":2},"end":{"line":70,"column":3}},"type":"if","locations":[{"start":{"line":67,"column":2},"end":{"line":70,"column":3}},{"start":{"line":67,"column":2},"end":{"line":70,"column":3}}],"line":67},"5":{"loc":{"start":{"line":71,"column":2},"end":{"line":74,"column":3}},"type":"if","locations":[{"start":{"line":71,"column":2},"end":{"line":74,"column":3}},{"start":{"line":71,"column":2},"end":{"line":74,"column":3}}],"line":71},"6":{"loc":{"start":{"line":75,"column":2},"end":{"line":80,"column":3}},"type":"if","locations":[{"start":{"line":75,"column":2},"end":{"line":80,"column":3}},{"start":{"line":75,"column":2},"end":{"line":80,"column":3}}],"line":75},"7":{"loc":{"start":{"line":100,"column":2},"end":{"line":104,"column":3}},"type":"if","locations":[{"start":{"line":100,"column":2},"end":{"line":104,"column":3}},{"start":{"line":100,"column":2},"end":{"line":104,"column":3}}],"line":100},"8":{"loc":{"start":{"line":102,"column":9},"end":{"line":104,"column":3}},"type":"if","locations":[{"start":{"line":102,"column":9},"end":{"line":104,"column":3}},{"start":{"line":102,"column":9},"end":{"line":104,"column":3}}],"line":102},"9":{"loc":{"start":{"line":111,"column":8},"end":{"line":111,"column":33}},"type":"binary-expr","locations":[{"start":{"line":111,"column":8},"end":{"line":111,"column":16}},{"start":{"line":111,"column":20},"end":{"line":111,"column":33}}],"line":111},"10":{"loc":{"start":{"line":138,"column":2},"end":{"line":140,"column":3}},"type":"if","locations":[{"start":{"line":138,"column":2},"end":{"line":140,"column":3}},{"start":{"line":138,"column":2},"end":{"line":140,"column":3}}],"line":138},"11":{"loc":{"start":{"line":147,"column":8},"end":{"line":147,"column":33}},"type":"binary-expr","locations":[{"start":{"line":147,"column":8},"end":{"line":147,"column":16}},{"start":{"line":147,"column":20},"end":{"line":147,"column":33}}],"line":147}},"s":{"0":1,"1":1,"2":1,"3":1,"4":1,"5":1,"6":1,"7":0,"8":0,"9":0,"10":0,"11":0,"12":0,"13":0,"14":1,"15":0,"16":0,"17":0,"18":0,"19":1,"20":3,"21":3,"22":3,"23":2,"24":1,"25":0,"26":1,"27":2,"28":2,"29":2,"30":2,"31":0,"32":1,"33":6,"34":6,"35":6,"36":1,"37":1,"38":6,"39":1,"40":1,"41":6,"42":2,"43":2,"44":6,"45":1,"46":1,"47":6,"48":1,"49":1,"50":6,"51":0,"52":0,"53":0,"54":0,"55":0,"56":1,"57":0,"58":0,"59":0,"60":0,"61":0,"62":1,"63":0,"64":0,"65":0,"66":0,"67":0,"68":0,"69":0,"70":0,"71":0,"72":0,"73":0,"74":0,"75":0,"76":0,"77":1,"78":0,"79":0,"80":0,"81":0,"82":0,"83":0,"84":1,"85":0,"86":0,"87":0,"88":0,"89":0,"90":0,"91":0,"92":0,"93":0,"94":0,"95":1},"f":{"0":0,"1":0,"2":3,"3":2,"4":6,"5":0,"6":0,"7":0,"8":0},"b":{"0":[2,1],"1":[1,5],"2":[1,5],"3":[2,4],"4":[1,5],"5":[1,5],"6":[0,6],"7":[0,0],"8":[0,0],"9":[0,0],"10":[0,0],"11":[0,0]},"_coverageSchema":"1a1c01bbd47fc00a2c39e90264f33305004495a9","hash":"6a2ef61137aba7e2bd993962d3b551bd2193f453"}
,"/home/calvin-ubuntu/Arkademy/Tugas/Tugas_RestApi/src/controllers/seller-sequelize.js": {"path":"/home/calvin-ubuntu/Arkademy/Tugas/Tugas_RestApi/src/controllers/seller-sequelize.js","statementMap":{"0":{"start":{"line":1,"column":21},"end":{"line":1,"column":23}},"1":{"start":{"line":2,"column":20},"end":{"line":2,"column":60}},"2":{"start":{"line":3,"column":16},"end":{"line":3,"column":50}},"3":{"start":{"line":4,"column":25},"end":{"line":4,"column":59}},"4":{"start":{"line":6,"column":0},"end":{"line":47,"column":2}},"5":{"start":{"line":7,"column":1},"end":{"line":46,"column":2}},"6":{"start":{"line":8,"column":16},"end":{"line":8,"column":59}},"7":{"start":{"line":9,"column":17},"end":{"line":9,"column":19}},"8":{"start":{"line":11,"column":3},"end":{"line":11,"column":92}},"9":{"start":{"line":12,"column":2},"end":{"line":16,"column":3}},"10":{"start":{"line":13,"column":3},"end":{"line":13,"column":62}},"11":{"start":{"line":14,"column":9},"end":{"line":16,"column":3}},"12":{"start":{"line":15,"column":3},"end":{"line":15,"column":48}},"13":{"start":{"line":17,"column":2},"end":{"line":42,"column":3}},"14":{"start":{"line":18,"column":3},"end":{"line":18,"column":27}},"15":{"start":{"line":19,"column":16},"end":{"line":26,"column":4}},"16":{"start":{"line":27,"column":3},"end":{"line":27,"column":25}},"17":{"start":{"line":28,"column":18},"end":{"line":28,"column":48}},"18":{"start":{"line":29,"column":3},"end":{"line":29,"column":29}},"19":{"start":{"line":31,"column":16},"end":{"line":38,"column":4}},"20":{"start":{"line":39,"column":3},"end":{"line":39,"column":25}},"21":{"start":{"line":40,"column":18},"end":{"line":40,"column":48}},"22":{"start":{"line":41,"column":3},"end":{"line":41,"column":29}},"23":{"start":{"line":44,"column":2},"end":{"line":44,"column":21}},"24":{"start":{"line":45,"column":2},"end":{"line":45,"column":27}},"25":{"start":{"line":49,"column":0},"end":{"line":49,"column":30}}},"fnMap":{"0":{"name":"(anonymous_0)","decl":{"start":{"line":6,"column":27},"end":{"line":6,"column":28}},"loc":{"start":{"line":6,"column":47},"end":{"line":47,"column":1}},"line":6}},"branchMap":{"0":{"loc":{"start":{"line":12,"column":2},"end":{"line":16,"column":3}},"type":"if","locations":[{"start":{"line":12,"column":2},"end":{"line":16,"column":3}},{"start":{"line":12,"column":2},"end":{"line":16,"column":3}}],"line":12},"1":{"loc":{"start":{"line":14,"column":9},"end":{"line":16,"column":3}},"type":"if","locations":[{"start":{"line":14,"column":9},"end":{"line":16,"column":3}},{"start":{"line":14,"column":9},"end":{"line":16,"column":3}}],"line":14},"2":{"loc":{"start":{"line":17,"column":2},"end":{"line":42,"column":3}},"type":"if","locations":[{"start":{"line":17,"column":2},"end":{"line":42,"column":3}},{"start":{"line":17,"column":2},"end":{"line":42,"column":3}}],"line":17}},"s":{"0":1,"1":1,"2":1,"3":1,"4":1,"5":0,"6":0,"7":0,"8":0,"9":0,"10":0,"11":0,"12":0,"13":0,"14":0,"15":0,"16":0,"17":0,"18":0,"19":0,"20":0,"21":0,"22":0,"23":0,"24":0,"25":1},"f":{"0":0},"b":{"0":[0,0],"1":[0,0],"2":[0,0]},"_coverageSchema":"1a1c01bbd47fc00a2c39e90264f33305004495a9","hash":"abcdb472335e2e359bbcf5c87f3a66d89115e1e0"}
,"/home/calvin-ubuntu/Arkademy/Tugas/Tugas_RestApi/src/controllers/seller.js": {"path":"/home/calvin-ubuntu/Arkademy/Tugas/Tugas_RestApi/src/controllers/seller.js","statementMap":{"0":{"start":{"line":1,"column":21},"end":{"line":1,"column":23}},"1":{"start":{"line":2,"column":20},"end":{"line":2,"column":47}},"2":{"start":{"line":3,"column":16},"end":{"line":3,"column":50}},"3":{"start":{"line":4,"column":13},"end":{"line":4,"column":39}},"4":{"start":{"line":5,"column":20},"end":{"line":5,"column":47}},"5":{"start":{"line":6,"column":27},"end":{"line":6,"column":61}},"6":{"start":{"line":7,"column":18},"end":{"line":7,"column":42}},"7":{"start":{"line":9,"column":0},"end":{"line":30,"column":2}},"8":{"start":{"line":10,"column":1},"end":{"line":29,"column":2}},"9":{"start":{"line":11,"column":16},"end":{"line":11,"column":60}},"10":{"start":{"line":12,"column":21},"end":{"line":12,"column":46}},"11":{"start":{"line":13,"column":15},"end":{"line":19,"column":3}},"12":{"start":{"line":20,"column":2},"end":{"line":22,"column":3}},"13":{"start":{"line":21,"column":3},"end":{"line":21,"column":64}},"14":{"start":{"line":23,"column":17},"end":{"line":23,"column":48}},"15":{"start":{"line":25,"column":2},"end":{"line":25,"column":35}},"16":{"start":{"line":27,"column":2},"end":{"line":27,"column":21}},"17":{"start":{"line":28,"column":2},"end":{"line":28,"column":40}},"18":{"start":{"line":32,"column":0},"end":{"line":44,"column":2}},"19":{"start":{"line":33,"column":1},"end":{"line":43,"column":2}},"20":{"start":{"line":34,"column":16},"end":{"line":34,"column":60}},"21":{"start":{"line":35,"column":2},"end":{"line":37,"column":3}},"22":{"start":{"line":36,"column":3},"end":{"line":36,"column":64}},"23":{"start":{"line":38,"column":17},"end":{"line":38,"column":52}},"24":{"start":{"line":39,"column":2},"end":{"line":39,"column":22}},"25":{"start":{"line":40,"column":2},"end":{"line":40,"column":35}},"26":{"start":{"line":42,"column":2},"end":{"line":42,"column":40}},"27":{"start":{"line":46,"column":0},"end":{"line":57,"column":2}},"28":{"start":{"line":47,"column":1},"end":{"line":56,"column":2}},"29":{"start":{"line":48,"column":17},"end":{"line":48,"column":63}},"30":{"start":{"line":49,"column":15},"end":{"line":49,"column":37}},"31":{"start":{"line":50,"column":2},"end":{"line":50,"column":35}},"32":{"start":{"line":51,"column":2},"end":{"line":51,"column":36}},"33":{"start":{"line":52,"column":2},"end":{"line":52,"column":28}},"34":{"start":{"line":54,"column":2},"end":{"line":54,"column":21}},"35":{"start":{"line":55,"column":2},"end":{"line":55,"column":27}},"36":{"start":{"line":59,"column":0},"end":{"line":59,"column":30}}},"fnMap":{"0":{"name":"(anonymous_0)","decl":{"start":{"line":9,"column":34},"end":{"line":9,"column":35}},"loc":{"start":{"line":9,"column":54},"end":{"line":30,"column":1}},"line":9},"1":{"name":"(anonymous_1)","decl":{"start":{"line":32,"column":29},"end":{"line":32,"column":30}},"loc":{"start":{"line":32,"column":49},"end":{"line":44,"column":1}},"line":32},"2":{"name":"(anonymous_2)","decl":{"start":{"line":46,"column":32},"end":{"line":46,"column":33}},"loc":{"start":{"line":46,"column":52},"end":{"line":57,"column":1}},"line":46}},"branchMap":{"0":{"loc":{"start":{"line":20,"column":2},"end":{"line":22,"column":3}},"type":"if","locations":[{"start":{"line":20,"column":2},"end":{"line":22,"column":3}},{"start":{"line":20,"column":2},"end":{"line":22,"column":3}}],"line":20},"1":{"loc":{"start":{"line":35,"column":2},"end":{"line":37,"column":3}},"type":"if","locations":[{"start":{"line":35,"column":2},"end":{"line":37,"column":3}},{"start":{"line":35,"column":2},"end":{"line":37,"column":3}}],"line":35}},"s":{"0":1,"1":1,"2":1,"3":1,"4":1,"5":1,"6":1,"7":1,"8":0,"9":0,"10":0,"11":0,"12":0,"13":0,"14":0,"15":0,"16":0,"17":0,"18":1,"19":0,"20":0,"21":0,"22":0,"23":0,"24":0,"25":0,"26":0,"27":1,"28":0,"29":0,"30":0,"31":0,"32":0,"33":0,"34":0,"35":0,"36":1},"f":{"0":0,"1":0,"2":0},"b":{"0":[0,0],"1":[0,0]},"_coverageSchema":"1a1c01bbd47fc00a2c39e90264f33305004495a9","hash":"b3e92db7733178231fd2534a947a066dc5b3639e"}
,"/home/calvin-ubuntu/Arkademy/Tugas/Tugas_RestApi/src/controllers/users-sequelize.js": {"path":"/home/calvin-ubuntu/Arkademy/Tugas/Tugas_RestApi/src/controllers/users-sequelize.js","statementMap":{"0":{"start":{"line":1,"column":20},"end":{"line":1,"column":22}},"1":{"start":{"line":2,"column":19},"end":{"line":2,"column":58}},"2":{"start":{"line":3,"column":16},"end":{"line":3,"column":50}},"3":{"start":{"line":4,"column":24},"end":{"line":4,"column":58}},"4":{"start":{"line":6,"column":0},"end":{"line":47,"column":2}},"5":{"start":{"line":7,"column":1},"end":{"line":46,"column":2}},"6":{"start":{"line":8,"column":16},"end":{"line":8,"column":56}},"7":{"start":{"line":9,"column":17},"end":{"line":9,"column":19}},"8":{"start":{"line":11,"column":3},"end":{"line":11,"column":91}},"9":{"start":{"line":12,"column":2},"end":{"line":16,"column":3}},"10":{"start":{"line":13,"column":3},"end":{"line":13,"column":62}},"11":{"start":{"line":14,"column":9},"end":{"line":16,"column":3}},"12":{"start":{"line":15,"column":3},"end":{"line":15,"column":47}},"13":{"start":{"line":17,"column":2},"end":{"line":42,"column":3}},"14":{"start":{"line":18,"column":3},"end":{"line":18,"column":27}},"15":{"start":{"line":19,"column":16},"end":{"line":26,"column":4}},"16":{"start":{"line":27,"column":3},"end":{"line":27,"column":25}},"17":{"start":{"line":28,"column":18},"end":{"line":28,"column":47}},"18":{"start":{"line":29,"column":3},"end":{"line":29,"column":29}},"19":{"start":{"line":31,"column":16},"end":{"line":38,"column":4}},"20":{"start":{"line":39,"column":3},"end":{"line":39,"column":25}},"21":{"start":{"line":40,"column":18},"end":{"line":40,"column":47}},"22":{"start":{"line":41,"column":3},"end":{"line":41,"column":29}},"23":{"start":{"line":44,"column":2},"end":{"line":44,"column":21}},"24":{"start":{"line":45,"column":2},"end":{"line":45,"column":27}},"25":{"start":{"line":49,"column":0},"end":{"line":49,"column":29}}},"fnMap":{"0":{"name":"(anonymous_0)","decl":{"start":{"line":6,"column":28},"end":{"line":6,"column":29}},"loc":{"start":{"line":6,"column":48},"end":{"line":47,"column":1}},"line":6}},"branchMap":{"0":{"loc":{"start":{"line":12,"column":2},"end":{"line":16,"column":3}},"type":"if","locations":[{"start":{"line":12,"column":2},"end":{"line":16,"column":3}},{"start":{"line":12,"column":2},"end":{"line":16,"column":3}}],"line":12},"1":{"loc":{"start":{"line":14,"column":9},"end":{"line":16,"column":3}},"type":"if","locations":[{"start":{"line":14,"column":9},"end":{"line":16,"column":3}},{"start":{"line":14,"column":9},"end":{"line":16,"column":3}}],"line":14},"2":{"loc":{"start":{"line":17,"column":2},"end":{"line":42,"column":3}},"type":"if","locations":[{"start":{"line":17,"column":2},"end":{"line":42,"column":3}},{"start":{"line":17,"column":2},"end":{"line":42,"column":3}}],"line":17}},"s":{"0":1,"1":1,"2":1,"3":1,"4":1,"5":0,"6":0,"7":0,"8":0,"9":0,"10":0,"11":0,"12":0,"13":0,"14":0,"15":0,"16":0,"17":0,"18":0,"19":0,"20":0,"21":0,"22":0,"23":0,"24":0,"25":1},"f":{"0":0},"b":{"0":[0,0],"1":[0,0],"2":[0,0]},"_coverageSchema":"1a1c01bbd47fc00a2c39e90264f33305004495a9","hash":"5e3b0a10d0f5e9b0398716d1c55544bd65b859d7"}
,"/home/calvin-ubuntu/Arkademy/Tugas/Tugas_RestApi/src/controllers/users.js": {"path":"/home/calvin-ubuntu/Arkademy/Tugas/Tugas_RestApi/src/controllers/users.js","statementMap":{"0":{"start":{"line":1,"column":19},"end":{"line":1,"column":21}},"1":{"start":{"line":2,"column":18},"end":{"line":2,"column":44}},"2":{"start":{"line":3,"column":16},"end":{"line":3,"column":50}},"3":{"start":{"line":4,"column":13},"end":{"line":4,"column":39}},"4":{"start":{"line":6,"column":0},"end":{"line":24,"column":2}},"5":{"start":{"line":7,"column":1},"end":{"line":23,"column":2}},"6":{"start":{"line":8,"column":16},"end":{"line":8,"column":58}},"7":{"start":{"line":9,"column":21},"end":{"line":9,"column":46}},"8":{"start":{"line":10,"column":15},"end":{"line":14,"column":3}},"9":{"start":{"line":15,"column":2},"end":{"line":17,"column":3}},"10":{"start":{"line":16,"column":3},"end":{"line":16,"column":64}},"11":{"start":{"line":18,"column":17},"end":{"line":18,"column":46}},"12":{"start":{"line":19,"column":2},"end":{"line":19,"column":35}},"13":{"start":{"line":21,"column":2},"end":{"line":21,"column":21}},"14":{"start":{"line":22,"column":2},"end":{"line":22,"column":40}},"15":{"start":{"line":26,"column":0},"end":{"line":38,"column":2}},"16":{"start":{"line":27,"column":1},"end":{"line":37,"column":2}},"17":{"start":{"line":28,"column":16},"end":{"line":28,"column":58}},"18":{"start":{"line":29,"column":2},"end":{"line":31,"column":3}},"19":{"start":{"line":30,"column":3},"end":{"line":30,"column":64}},"20":{"start":{"line":32,"column":17},"end":{"line":32,"column":50}},"21":{"start":{"line":33,"column":2},"end":{"line":33,"column":22}},"22":{"start":{"line":34,"column":2},"end":{"line":34,"column":35}},"23":{"start":{"line":36,"column":2},"end":{"line":36,"column":40}},"24":{"start":{"line":40,"column":0},"end":{"line":47,"column":2}},"25":{"start":{"line":41,"column":1},"end":{"line":46,"column":2}},"26":{"start":{"line":42,"column":17},"end":{"line":42,"column":41}},"27":{"start":{"line":43,"column":2},"end":{"line":43,"column":28}},"28":{"start":{"line":45,"column":2},"end":{"line":45,"column":27}},"29":{"start":{"line":49,"column":0},"end":{"line":49,"column":28}}},"fnMap":{"0":{"name":"(anonymous_0)","decl":{"start":{"line":6,"column":30},"end":{"line":6,"column":31}},"loc":{"start":{"line":6,"column":50},"end":{"line":24,"column":1}},"line":6},"1":{"name":"(anonymous_1)","decl":{"start":{"line":26,"column":27},"end":{"line":26,"column":28}},"loc":{"start":{"line":26,"column":47},"end":{"line":38,"column":1}},"line":26},"2":{"name":"(anonymous_2)","decl":{"start":{"line":40,"column":20},"end":{"line":40,"column":21}},"loc":{"start":{"line":40,"column":40},"end":{"line":47,"column":1}},"line":40}},"branchMap":{"0":{"loc":{"start":{"line":15,"column":2},"end":{"line":17,"column":3}},"type":"if","locations":[{"start":{"line":15,"column":2},"end":{"line":17,"column":3}},{"start":{"line":15,"column":2},"end":{"line":17,"column":3}}],"line":15},"1":{"loc":{"start":{"line":29,"column":2},"end":{"line":31,"column":3}},"type":"if","locations":[{"start":{"line":29,"column":2},"end":{"line":31,"column":3}},{"start":{"line":29,"column":2},"end":{"line":31,"column":3}}],"line":29}},"s":{"0":1,"1":1,"2":1,"3":1,"4":1,"5":0,"6":0,"7":0,"8":0,"9":0,"10":0,"11":0,"12":0,"13":0,"14":0,"15":1,"16":0,"17":0,"18":0,"19":0,"20":0,"21":0,"22":0,"23":0,"24":1,"25":0,"26":0,"27":0,"28":0,"29":1},"f":{"0":0,"1":0,"2":0},"b":{"0":[0,0],"1":[0,0]},"_coverageSchema":"1a1c01bbd47fc00a2c39e90264f33305004495a9","hash":"502f211c52e42f3da20f921bd248c2bd0d924246"}
,"/home/calvin-ubuntu/Arkademy/Tugas/Tugas_RestApi/src/helpers/errorhandler.js": {"path":"/home/calvin-ubuntu/Arkademy/Tugas/Tugas_RestApi/src/helpers/errorhandler.js","statementMap":{"0":{"start":{"line":2,"column":12},"end":{"line":2,"column":14}},"1":{"start":{"line":4,"column":1},"end":{"line":28,"column":2}},"2":{"start":{"line":6,"column":3},"end":{"line":6,"column":15}},"3":{"start":{"line":7,"column":3},"end":{"line":7,"column":9}},"4":{"start":{"line":9,"column":3},"end":{"line":9,"column":20}},"5":{"start":{"line":10,"column":3},"end":{"line":10,"column":9}},"6":{"start":{"line":12,"column":3},"end":{"line":12,"column":24}},"7":{"start":{"line":13,"column":3},"end":{"line":13,"column":9}},"8":{"start":{"line":15,"column":3},"end":{"line":15,"column":25}},"9":{"start":{"line":16,"column":3},"end":{"line":16,"column":9}},"10":{"start":{"line":18,"column":3},"end":{"line":18,"column":34}},"11":{"start":{"line":19,"column":3},"end":{"line":19,"column":9}},"12":{"start":{"line":21,"column":3},"end":{"line":21,"column":24}},"13":{"start":{"line":22,"column":3},"end":{"line":22,"column":9}},"14":{"start":{"line":24,"column":3},"end":{"line":24,"column":25}},"15":{"start":{"line":25,"column":3},"end":{"line":25,"column":9}},"16":{"start":{"line":27,"column":3},"end":{"line":27,"column":13}},"17":{"start":{"line":30,"column":18},"end":{"line":32,"column":2}},"18":{"start":{"line":31,"column":2},"end":{"line":31,"column":47}},"19":{"start":{"line":34,"column":17},"end":{"line":39,"column":2}},"20":{"start":{"line":41,"column":1},"end":{"line":41,"column":41}},"21":{"start":{"line":44,"column":0},"end":{"line":44,"column":25}}},"fnMap":{"0":{"name":"handler","decl":{"start":{"line":1,"column":9},"end":{"line":1,"column":16}},"loc":{"start":{"line":1,"column":43},"end":{"line":42,"column":1}},"line":1},"1":{"name":"(anonymous_1)","decl":{"start":{"line":30,"column":18},"end":{"line":30,"column":19}},"loc":{"start":{"line":30,"column":28},"end":{"line":32,"column":2}},"line":30}},"branchMap":{"0":{"loc":{"start":{"line":1,"column":30},"end":{"line":1,"column":41}},"type":"default-arg","locations":[{"start":{"line":1,"column":39},"end":{"line":1,"column":41}}],"line":1},"1":{"loc":{"start":{"line":4,"column":1},"end":{"line":28,"column":2}},"type":"switch","locations":[{"start":{"line":5,"column":2},"end":{"line":7,"column":9}},{"start":{"line":8,"column":2},"end":{"line":10,"column":9}},{"start":{"line":11,"column":2},"end":{"line":13,"column":9}},{"start":{"line":14,"column":2},"end":{"line":16,"column":9}},{"start":{"line":17,"column":2},"end":{"line":19,"column":9}},{"start":{"line":20,"column":2},"end":{"line":22,"column":9}},{"start":{"line":23,"column":2},"end":{"line":25,"column":9}},{"start":{"line":26,"column":2},"end":{"line":27,"column":13}}],"line":4},"2":{"loc":{"start":{"line":31,"column":9},"end":{"line":31,"column":46}},"type":"binary-expr","locations":[{"start":{"line":31,"column":9},"end":{"line":31,"column":15}},{"start":{"line":31,"column":19},"end":{"line":31,"column":46}}],"line":31},"3":{"loc":{"start":{"line":38,"column":8},"end":{"line":38,"column":77}},"type":"cond-expr","locations":[{"start":{"line":38,"column":27},"end":{"line":38,"column":35}},{"start":{"line":38,"column":38},"end":{"line":38,"column":77}}],"line":38},"4":{"loc":{"start":{"line":38,"column":38},"end":{"line":38,"column":77}},"type":"cond-expr","locations":[{"start":{"line":38,"column":62},"end":{"line":38,"column":68}},{"start":{"line":38,"column":71},"end":{"line":38,"column":77}}],"line":38}},"s":{"0":24,"1":24,"2":16,"3":16,"4":1,"5":1,"6":2,"7":2,"8":1,"9":1,"10":1,"11":1,"12":1,"13":1,"14":1,"15":1,"16":1,"17":24,"18":24,"19":24,"20":24,"21":2},"f":{"0":24,"1":24},"b":{"0":[0],"1":[16,1,2,1,1,1,1,1],"2":[24,24],"3":[9,15],"4":[15,0]},"_coverageSchema":"1a1c01bbd47fc00a2c39e90264f33305004495a9","hash":"80f6715818aeba909c4d34666c2b3c7a6e544ec9"}
,"/home/calvin-ubuntu/Arkademy/Tugas/Tugas_RestApi/src/helpers/hash.js": {"path":"/home/calvin-ubuntu/Arkademy/Tugas/Tugas_RestApi/src/helpers/hash.js","statementMap":{"0":{"start":{"line":1,"column":15},"end":{"line":1,"column":32}},"1":{"start":{"line":2,"column":19},"end":{"line":2,"column":21}},"2":{"start":{"line":5,"column":1},"end":{"line":11,"column":2}},"3":{"start":{"line":6,"column":15},"end":{"line":6,"column":47}},"4":{"start":{"line":7,"column":17},"end":{"line":7,"column":50}},"5":{"start":{"line":8,"column":2},"end":{"line":8,"column":16}},"6":{"start":{"line":10,"column":2},"end":{"line":10,"column":14}},"7":{"start":{"line":14,"column":0},"end":{"line":14,"column":30}}},"fnMap":{"0":{"name":"hashPassword","decl":{"start":{"line":4,"column":15},"end":{"line":4,"column":27}},"loc":{"start":{"line":4,"column":38},"end":{"line":12,"column":1}},"line":4}},"branchMap":{},"s":{"0":2,"1":2,"2":2,"3":2,"4":2,"5":1,"6":1,"7":2},"f":{"0":2},"b":{},"_coverageSchema":"1a1c01bbd47fc00a2c39e90264f33305004495a9","hash":"706be910e4093477775fc43c014cecf872ad9c7c"}
,"/home/calvin-ubuntu/Arkademy/Tugas/Tugas_RestApi/src/helpers/logger.js": {"path":"/home/calvin-ubuntu/Arkademy/Tugas/Tugas_RestApi/src/helpers/logger.js","statementMap":{"0":{"start":{"line":1,"column":53},"end":{"line":1,"column":71}},"1":{"start":{"line":2,"column":39},"end":{"line":2,"column":45}},"2":{"start":{"line":4,"column":16},"end":{"line":19,"column":1}},"3":{"start":{"line":21,"column":17},"end":{"line":23,"column":2}},"4":{"start":{"line":22,"column":1},"end":{"line":22,"column":44}},"5":{"start":{"line":25,"column":15},"end":{"line":33,"column":2}},"6":{"start":{"line":35,"column":0},"end":{"line":35,"column":24}}},"fnMap":{"0":{"name":"(anonymous_0)","decl":{"start":{"line":21,"column":24},"end":{"line":21,"column":25}},"loc":{"start":{"line":21,"column":59},"end":{"line":23,"column":1}},"line":21}},"branchMap":{},"s":{"0":1,"1":1,"2":1,"3":1,"4":7,"5":1,"6":1},"f":{"0":7},"b":{},"_coverageSchema":"1a1c01bbd47fc00a2c39e90264f33305004495a9","hash":"b7b068c57a650f100b25ca1f85b5f72e4face126"}
,"/home/calvin-ubuntu/Arkademy/Tugas/Tugas_RestApi/src/helpers/upload_cloud.js": {"path":"/home/calvin-ubuntu/Arkademy/Tugas/Tugas_RestApi/src/helpers/upload_cloud.js","statementMap":{"0":{"start":{"line":1,"column":21},"end":{"line":1,"column":53}},"1":{"start":{"line":4,"column":1},"end":{"line":13,"column":2}},"2":{"start":{"line":5,"column":17},"end":{"line":8,"column":4}},"3":{"start":{"line":9,"column":2},"end":{"line":9,"column":26}},"4":{"start":{"line":10,"column":2},"end":{"line":10,"column":20}},"5":{"start":{"line":12,"column":2},"end":{"line":12,"column":14}},"6":{"start":{"line":17,"column":1},"end":{"line":25,"column":2}},"7":{"start":{"line":18,"column":17},"end":{"line":21,"column":4}},"8":{"start":{"line":22,"column":2},"end":{"line":22,"column":20}},"9":{"start":{"line":24,"column":2},"end":{"line":24,"column":14}},"10":{"start":{"line":29,"column":1},"end":{"line":37,"column":2}},"11":{"start":{"line":30,"column":17},"end":{"line":33,"column":4}},"12":{"start":{"line":34,"column":2},"end":{"line":34,"column":20}},"13":{"start":{"line":36,"column":2},"end":{"line":36,"column":14}},"14":{"start":{"line":40,"column":0},"end":{"line":40,"column":56}}},"fnMap":{"0":{"name":"uploads","decl":{"start":{"line":3,"column":15},"end":{"line":3,"column":22}},"loc":{"start":{"line":3,"column":33},"end":{"line":14,"column":1}},"line":3},"1":{"name":"uploadsUser","decl":{"start":{"line":16,"column":15},"end":{"line":16,"column":26}},"loc":{"start":{"line":16,"column":37},"end":{"line":26,"column":1}},"line":16},"2":{"name":"uploadsStore","decl":{"start":{"line":28,"column":15},"end":{"line":28,"column":27}},"loc":{"start":{"line":28,"column":38},"end":{"line":38,"column":1}},"line":28}},"branchMap":{},"s":{"0":1,"1":0,"2":0,"3":0,"4":0,"5":0,"6":0,"7":0,"8":0,"9":0,"10":0,"11":0,"12":0,"13":0,"14":1},"f":{"0":0,"1":0,"2":0},"b":{},"_coverageSchema":"1a1c01bbd47fc00a2c39e90264f33305004495a9","hash":"2b0129d05a693c66bf14b3ca1155376459ef47e8"}
,"/home/calvin-ubuntu/Arkademy/Tugas/Tugas_RestApi/src/middleware/cache.js": {"path":"/home/calvin-ubuntu/Arkademy/Tugas/Tugas_RestApi/src/middleware/cache.js","statementMap":{"0":{"start":{"line":1,"column":16},"end":{"line":1,"column":50}},"1":{"start":{"line":2,"column":20},"end":{"line":2,"column":47}},"2":{"start":{"line":3,"column":15},"end":{"line":3,"column":43}},"3":{"start":{"line":5,"column":32},"end":{"line":18,"column":1}},"4":{"start":{"line":6,"column":1},"end":{"line":17,"column":4}},"5":{"start":{"line":7,"column":2},"end":{"line":9,"column":3}},"6":{"start":{"line":8,"column":3},"end":{"line":8,"column":39}},"7":{"start":{"line":10,"column":2},"end":{"line":16,"column":3}},"8":{"start":{"line":11,"column":18},"end":{"line":11,"column":34}},"9":{"start":{"line":12,"column":3},"end":{"line":12,"column":35}},"10":{"start":{"line":13,"column":3},"end":{"line":13,"column":36}},"11":{"start":{"line":15,"column":3},"end":{"line":15,"column":10}},"12":{"start":{"line":20,"column":27},"end":{"line":33,"column":1}},"13":{"start":{"line":21,"column":1},"end":{"line":32,"column":4}},"14":{"start":{"line":22,"column":2},"end":{"line":24,"column":3}},"15":{"start":{"line":23,"column":3},"end":{"line":23,"column":39}},"16":{"start":{"line":25,"column":2},"end":{"line":31,"column":3}},"17":{"start":{"line":26,"column":18},"end":{"line":26,"column":34}},"18":{"start":{"line":27,"column":3},"end":{"line":27,"column":35}},"19":{"start":{"line":28,"column":3},"end":{"line":28,"column":36}},"20":{"start":{"line":30,"column":3},"end":{"line":30,"column":10}},"21":{"start":{"line":35,"column":38},"end":{"line":48,"column":1}},"22":{"start":{"line":36,"column":1},"end":{"line":47,"column":4}},"23":{"start":{"line":37,"column":2},"end":{"line":39,"column":3}},"24":{"start":{"line":38,"column":3},"end":{"line":38,"column":39}},"25":{"start":{"line":40,"column":2},"end":{"line":46,"column":3}},"26":{"start":{"line":41,"column":18},"end":{"line":41,"column":34}},"27":{"start":{"line":42,"column":3},"end":{"line":42,"column":35}},"28":{"start":{"line":43,"column":3},"end":{"line":43,"column":36}},"29":{"start":{"line":45,"column":3},"end":{"line":45,"column":10}},"30":{"start":{"line":50,"column":0},"end":{"line":54,"column":2}}},"fnMap":{"0":{"name":"(anonymous_0)","decl":{"start":{"line":5,"column":32},"end":{"line":5,"column":33}},"loc":{"start":{"line":5,"column":52},"end":{"line":18,"column":1}},"line":5},"1":{"name":"(anonymous_1)","decl":{"start":{"line":6,"column":25},"end":{"line":6,"column":26}},"loc":{"start":{"line":6,"column":40},"end":{"line":17,"column":2}},"line":6},"2":{"name":"(anonymous_2)","decl":{"start":{"line":20,"column":27},"end":{"line":20,"column":28}},"loc":{"start":{"line":20,"column":47},"end":{"line":33,"column":1}},"line":20},"3":{"name":"(anonymous_3)","decl":{"start":{"line":21,"column":20},"end":{"line":21,"column":21}},"loc":{"start":{"line":21,"column":35},"end":{"line":32,"column":2}},"line":21},"4":{"name":"(anonymous_4)","decl":{"start":{"line":35,"column":38},"end":{"line":35,"column":39}},"loc":{"start":{"line":35,"column":58},"end":{"line":48,"column":1}},"line":35},"5":{"name":"(anonymous_5)","decl":{"start":{"line":36,"column":23},"end":{"line":36,"column":24}},"loc":{"start":{"line":36,"column":38},"end":{"line":47,"column":2}},"line":36}},"branchMap":{"0":{"loc":{"start":{"line":7,"column":2},"end":{"line":9,"column":3}},"type":"if","locations":[{"start":{"line":7,"column":2},"end":{"line":9,"column":3}},{"start":{"line":7,"column":2},"end":{"line":9,"column":3}}],"line":7},"1":{"loc":{"start":{"line":10,"column":2},"end":{"line":16,"column":3}},"type":"if","locations":[{"start":{"line":10,"column":2},"end":{"line":16,"column":3}},{"start":{"line":10,"column":2},"end":{"line":16,"column":3}}],"line":10},"2":{"loc":{"start":{"line":22,"column":2},"end":{"line":24,"column":3}},"type":"if","locations":[{"start":{"line":22,"column":2},"end":{"line":24,"column":3}},{"start":{"line":22,"column":2},"end":{"line":24,"column":3}}],"line":22},"3":{"loc":{"start":{"line":25,"column":2},"end":{"line":31,"column":3}},"type":"if","locations":[{"start":{"line":25,"column":2},"end":{"line":31,"column":3}},{"start":{"line":25,"column":2},"end":{"line":31,"column":3}}],"line":25},"4":{"loc":{"start":{"line":37,"column":2},"end":{"line":39,"column":3}},"type":"if","locations":[{"start":{"line":37,"column":2},"end":{"line":39,"column":3}},{"start":{"line":37,"column":2},"end":{"line":39,"column":3}}],"line":37},"5":{"loc":{"start":{"line":40,"column":2},"end":{"line":46,"column":3}},"type":"if","locations":[{"start":{"line":40,"column":2},"end":{"line":46,"column":3}},{"start":{"line":40,"column":2},"end":{"line":46,"column":3}}],"line":40}},"s":{"0":1,"1":1,"2":1,"3":1,"4":5,"5":5,"6":0,"7":5,"8":5,"9":5,"10":5,"11":0,"12":1,"13":0,"14":0,"15":0,"16":0,"17":0,"18":0,"19":0,"20":0,"21":1,"22":0,"23":0,"24":0,"25":0,"26":0,"27":0,"28":0,"29":0,"30":1},"f":{"0":5,"1":5,"2":0,"3":0,"4":0,"5":0},"b":{"0":[0,5],"1":[5,0],"2":[0,0],"3":[0,0],"4":[0,0],"5":[0,0]},"_coverageSchema":"1a1c01bbd47fc00a2c39e90264f33305004495a9","hash":"d936ba67e4b81dcfb7c36dac5e04f829376ff651"}
,"/home/calvin-ubuntu/Arkademy/Tugas/Tugas_RestApi/src/middleware/upload.js": {"path":"/home/calvin-ubuntu/Arkademy/Tugas/Tugas_RestApi/src/middleware/upload.js","statementMap":{"0":{"start":{"line":1,"column":15},"end":{"line":1,"column":32}},"1":{"start":{"line":3,"column":31},"end":{"line":9,"column":2}},"2":{"start":{"line":6,"column":17},"end":{"line":6,"column":27}},"3":{"start":{"line":7,"column":2},"end":{"line":7,"column":45}},"4":{"start":{"line":11,"column":15},"end":{"line":21,"column":1}},"5":{"start":{"line":12,"column":1},"end":{"line":20,"column":2}},"6":{"start":{"line":17,"column":2},"end":{"line":17,"column":17}},"7":{"start":{"line":19,"column":2},"end":{"line":19,"column":18}},"8":{"start":{"line":23,"column":15},"end":{"line":26,"column":2}},"9":{"start":{"line":28,"column":0},"end":{"line":28,"column":24}}},"fnMap":{"0":{"name":"(anonymous_0)","decl":{"start":{"line":5,"column":11},"end":{"line":5,"column":12}},"loc":{"start":{"line":5,"column":30},"end":{"line":8,"column":2}},"line":5},"1":{"name":"(anonymous_1)","decl":{"start":{"line":11,"column":15},"end":{"line":11,"column":16}},"loc":{"start":{"line":11,"column":34},"end":{"line":21,"column":1}},"line":11}},"branchMap":{"0":{"loc":{"start":{"line":12,"column":1},"end":{"line":20,"column":2}},"type":"if","locations":[{"start":{"line":12,"column":1},"end":{"line":20,"column":2}},{"start":{"line":12,"column":1},"end":{"line":20,"column":2}}],"line":12},"1":{"loc":{"start":{"line":13,"column":2},"end":{"line":15,"column":31}},"type":"binary-expr","locations":[{"start":{"line":13,"column":2},"end":{"line":13,"column":30}},{"start":{"line":14,"column":2},"end":{"line":14,"column":30}},{"start":{"line":15,"column":2},"end":{"line":15,"column":31}}],"line":13}},"s":{"0":1,"1":1,"2":0,"3":0,"4":1,"5":0,"6":0,"7":0,"8":1,"9":1},"f":{"0":0,"1":0},"b":{"0":[0,0],"1":[0,0,0]},"_coverageSchema":"1a1c01bbd47fc00a2c39e90264f33305004495a9","hash":"4af0cca79c5d60dc7928d4b131be59f0a029bc21"}
,"/home/calvin-ubuntu/Arkademy/Tugas/Tugas_RestApi/src/middleware/validate.js": {"path":"/home/calvin-ubuntu/Arkademy/Tugas/Tugas_RestApi/src/middleware/validate.js","statementMap":{"0":{"start":{"line":1,"column":16},"end":{"line":1,"column":50}},"1":{"start":{"line":2,"column":12},"end":{"line":2,"column":35}},"2":{"start":{"line":4,"column":19},"end":{"line":21,"column":1}},"3":{"start":{"line":5,"column":1},"end":{"line":20,"column":3}},"4":{"start":{"line":6,"column":24},"end":{"line":6,"column":35}},"5":{"start":{"line":7,"column":2},"end":{"line":9,"column":3}},"6":{"start":{"line":8,"column":3},"end":{"line":8,"column":52}},"7":{"start":{"line":10,"column":2},"end":{"line":19,"column":5}},"8":{"start":{"line":11,"column":3},"end":{"line":13,"column":4}},"9":{"start":{"line":12,"column":4},"end":{"line":12,"column":27}},"10":{"start":{"line":14,"column":3},"end":{"line":18,"column":4}},"11":{"start":{"line":15,"column":4},"end":{"line":15,"column":11}},"12":{"start":{"line":17,"column":4},"end":{"line":17,"column":47}},"13":{"start":{"line":23,"column":0},"end":{"line":23,"column":28}}},"fnMap":{"0":{"name":"(anonymous_0)","decl":{"start":{"line":4,"column":19},"end":{"line":4,"column":20}},"loc":{"start":{"line":4,"column":29},"end":{"line":21,"column":1}},"line":4},"1":{"name":"(anonymous_1)","decl":{"start":{"line":5,"column":8},"end":{"line":5,"column":9}},"loc":{"start":{"line":5,"column":28},"end":{"line":20,"column":2}},"line":5},"2":{"name":"(anonymous_2)","decl":{"start":{"line":10,"column":45},"end":{"line":10,"column":46}},"loc":{"start":{"line":10,"column":62},"end":{"line":19,"column":3}},"line":10}},"branchMap":{"0":{"loc":{"start":{"line":7,"column":2},"end":{"line":9,"column":3}},"type":"if","locations":[{"start":{"line":7,"column":2},"end":{"line":9,"column":3}},{"start":{"line":7,"column":2},"end":{"line":9,"column":3}}],"line":7},"1":{"loc":{"start":{"line":11,"column":3},"end":{"line":13,"column":4}},"type":"if","locations":[{"start":{"line":11,"column":3},"end":{"line":13,"column":4}},{"start":{"line":11,"column":3},"end":{"line":13,"column":4}}],"line":11},"2":{"loc":{"start":{"line":14,"column":3},"end":{"line":18,"column":4}},"type":"if","locations":[{"start":{"line":14,"column":3},"end":{"line":18,"column":4}},{"start":{"line":14,"column":3},"end":{"line":18,"column":4}}],"line":14}},"s":{"0":1,"1":1,"2":1,"3":10,"4":0,"5":0,"6":0,"7":0,"8":0,"9":0,"10":0,"11":0,"12":0,"13":1},"f":{"0":10,"1":0,"2":0},"b":{"0":[0,0],"1":[0,0],"2":[0,0]},"_coverageSchema":"1a1c01bbd47fc00a2c39e90264f33305004495a9","hash":"dc6ba3562d1e2371e4b9fdb85e02f5ade2906058"}
,"/home/calvin-ubuntu/Arkademy/Tugas/Tugas_RestApi/src/models/bag.js": {"path":"/home/calvin-ubuntu/Arkademy/Tugas/Tugas_RestApi/src/models/bag.js","statementMap":{"0":{"start":{"line":1,"column":11},"end":{"line":1,"column":35}},"1":{"start":{"line":2,"column":16},"end":{"line":2,"column":18}},"2":{"start":{"line":4,"column":0},"end":{"line":15,"column":2}},"3":{"start":{"line":5,"column":1},"end":{"line":14,"column":4}},"4":{"start":{"line":6,"column":2},"end":{"line":13,"column":6}},"5":{"start":{"line":8,"column":4},"end":{"line":8,"column":22}},"6":{"start":{"line":11,"column":4},"end":{"line":11,"column":21}},"7":{"start":{"line":12,"column":4},"end":{"line":12,"column":16}},"8":{"start":{"line":17,"column":0},"end":{"line":28,"column":2}},"9":{"start":{"line":18,"column":1},"end":{"line":27,"column":4}},"10":{"start":{"line":19,"column":2},"end":{"line":26,"column":6}},"11":{"start":{"line":21,"column":4},"end":{"line":21,"column":54}},"12":{"start":{"line":22,"column":4},"end":{"line":22,"column":22}},"13":{"start":{"line":25,"column":4},"end":{"line":25,"column":16}},"14":{"start":{"line":30,"column":0},"end":{"line":44,"column":2}},"15":{"start":{"line":31,"column":1},"end":{"line":43,"column":4}},"16":{"start":{"line":32,"column":2},"end":{"line":42,"column":6}},"17":{"start":{"line":36,"column":4},"end":{"line":36,"column":74}},"18":{"start":{"line":37,"column":4},"end":{"line":37,"column":26}},"19":{"start":{"line":38,"column":4},"end":{"line":38,"column":22}},"20":{"start":{"line":41,"column":4},"end":{"line":41,"column":16}},"21":{"start":{"line":46,"column":0},"end":{"line":46,"column":25}}},"fnMap":{"0":{"name":"(anonymous_0)","decl":{"start":{"line":4,"column":20},"end":{"line":4,"column":21}},"loc":{"start":{"line":4,"column":26},"end":{"line":15,"column":1}},"line":4},"1":{"name":"(anonymous_1)","decl":{"start":{"line":5,"column":20},"end":{"line":5,"column":21}},"loc":{"start":{"line":5,"column":41},"end":{"line":14,"column":2}},"line":5},"2":{"name":"(anonymous_2)","decl":{"start":{"line":7,"column":9},"end":{"line":7,"column":10}},"loc":{"start":{"line":7,"column":18},"end":{"line":9,"column":4}},"line":7},"3":{"name":"(anonymous_3)","decl":{"start":{"line":10,"column":10},"end":{"line":10,"column":11}},"loc":{"start":{"line":10,"column":19},"end":{"line":13,"column":4}},"line":10},"4":{"name":"(anonymous_4)","decl":{"start":{"line":17,"column":17},"end":{"line":17,"column":18}},"loc":{"start":{"line":17,"column":27},"end":{"line":28,"column":1}},"line":17},"5":{"name":"(anonymous_5)","decl":{"start":{"line":18,"column":20},"end":{"line":18,"column":21}},"loc":{"start":{"line":18,"column":41},"end":{"line":27,"column":2}},"line":18},"6":{"name":"(anonymous_6)","decl":{"start":{"line":20,"column":9},"end":{"line":20,"column":10}},"loc":{"start":{"line":20,"column":18},"end":{"line":23,"column":4}},"line":20},"7":{"name":"(anonymous_7)","decl":{"start":{"line":24,"column":10},"end":{"line":24,"column":11}},"loc":{"start":{"line":24,"column":19},"end":{"line":26,"column":4}},"line":24},"8":{"name":"(anonymous_8)","decl":{"start":{"line":30,"column":20},"end":{"line":30,"column":21}},"loc":{"start":{"line":30,"column":30},"end":{"line":44,"column":1}},"line":30},"9":{"name":"(anonymous_9)","decl":{"start":{"line":31,"column":20},"end":{"line":31,"column":21}},"loc":{"start":{"line":31,"column":41},"end":{"line":43,"column":2}},"line":31},"10":{"name":"(anonymous_10)","decl":{"start":{"line":35,"column":9},"end":{"line":35,"column":10}},"loc":{"start":{"line":35,"column":18},"end":{"line":39,"column":4}},"line":35},"11":{"name":"(anonymous_11)","decl":{"start":{"line":40,"column":10},"end":{"line":40,"column":11}},"loc":{"start":{"line":40,"column":19},"end":{"line":42,"column":4}},"line":40}},"branchMap":{},"s":{"0":1,"1":1,"2":1,"3":0,"4":0,"5":0,"6":0,"7":0,"8":1,"9":0,"10":0,"11":0,"12":0,"13":0,"14":1,"15":0,"16":0,"17":0,"18":0,"19":0,"20":0,"21":1},"f":{"0":0,"1":0,"2":0,"3":0,"4":0,"5":0,"6":0,"7":0,"8":0,"9":0,"10":0,"11":0},"b":{},"_coverageSchema":"1a1c01bbd47fc00a2c39e90264f33305004495a9","hash":"501f6d60359f96c1eea0078d0752c3d54bf280d6"}
,"/home/calvin-ubuntu/Arkademy/Tugas/Tugas_RestApi/src/models/category.js": {"path":"/home/calvin-ubuntu/Arkademy/Tugas/Tugas_RestApi/src/models/category.js","statementMap":{"0":{"start":{"line":1,"column":11},"end":{"line":1,"column":35}},"1":{"start":{"line":2,"column":19},"end":{"line":2,"column":21}},"2":{"start":{"line":4,"column":0},"end":{"line":14,"column":2}},"3":{"start":{"line":5,"column":1},"end":{"line":13,"column":4}},"4":{"start":{"line":6,"column":2},"end":{"line":12,"column":6}},"5":{"start":{"line":8,"column":4},"end":{"line":8,"column":22}},"6":{"start":{"line":11,"column":4},"end":{"line":11,"column":16}},"7":{"start":{"line":16,"column":0},"end":{"line":30,"column":2}},"8":{"start":{"line":17,"column":1},"end":{"line":29,"column":4}},"9":{"start":{"line":18,"column":2},"end":{"line":28,"column":6}},"10":{"start":{"line":23,"column":4},"end":{"line":23,"column":18}},"11":{"start":{"line":26,"column":4},"end":{"line":26,"column":21}},"12":{"start":{"line":27,"column":4},"end":{"line":27,"column":16}},"13":{"start":{"line":32,"column":0},"end":{"line":50,"column":2}},"14":{"start":{"line":33,"column":1},"end":{"line":49,"column":4}},"15":{"start":{"line":34,"column":2},"end":{"line":48,"column":6}},"16":{"start":{"line":39,"column":4},"end":{"line":42,"column":6}},"17":{"start":{"line":43,"column":4},"end":{"line":43,"column":22}},"18":{"start":{"line":46,"column":4},"end":{"line":46,"column":21}},"19":{"start":{"line":47,"column":4},"end":{"line":47,"column":16}},"20":{"start":{"line":52,"column":0},"end":{"line":66,"column":2}},"21":{"start":{"line":53,"column":1},"end":{"line":65,"column":4}},"22":{"start":{"line":54,"column":2},"end":{"line":64,"column":6}},"23":{"start":{"line":59,"column":4},"end":{"line":59,"column":68}},"24":{"start":{"line":60,"column":4},"end":{"line":60,"column":22}},"25":{"start":{"line":63,"column":4},"end":{"line":63,"column":16}},"26":{"start":{"line":68,"column":0},"end":{"line":68,"column":28}}},"fnMap":{"0":{"name":"(anonymous_0)","decl":{"start":{"line":4,"column":25},"end":{"line":4,"column":26}},"loc":{"start":{"line":4,"column":31},"end":{"line":14,"column":1}},"line":4},"1":{"name":"(anonymous_1)","decl":{"start":{"line":5,"column":20},"end":{"line":5,"column":21}},"loc":{"start":{"line":5,"column":41},"end":{"line":13,"column":2}},"line":5},"2":{"name":"(anonymous_2)","decl":{"start":{"line":7,"column":9},"end":{"line":7,"column":10}},"loc":{"start":{"line":7,"column":18},"end":{"line":9,"column":4}},"line":7},"3":{"name":"(anonymous_3)","decl":{"start":{"line":10,"column":10},"end":{"line":10,"column":11}},"loc":{"start":{"line":10,"column":19},"end":{"line":12,"column":4}},"line":10},"4":{"name":"(anonymous_4)","decl":{"start":{"line":16,"column":21},"end":{"line":16,"column":22}},"loc":{"start":{"line":16,"column":31},"end":{"line":30,"column":1}},"line":16},"5":{"name":"(anonymous_5)","decl":{"start":{"line":17,"column":20},"end":{"line":17,"column":21}},"loc":{"start":{"line":17,"column":41},"end":{"line":29,"column":2}},"line":17},"6":{"name":"(anonymous_6)","decl":{"start":{"line":22,"column":9},"end":{"line":22,"column":10}},"loc":{"start":{"line":22,"column":18},"end":{"line":24,"column":4}},"line":22},"7":{"name":"(anonymous_7)","decl":{"start":{"line":25,"column":10},"end":{"line":25,"column":11}},"loc":{"start":{"line":25,"column":19},"end":{"line":28,"column":4}},"line":25},"8":{"name":"(anonymous_8)","decl":{"start":{"line":32,"column":28},"end":{"line":32,"column":29}},"loc":{"start":{"line":32,"column":38},"end":{"line":50,"column":1}},"line":32},"9":{"name":"(anonymous_9)","decl":{"start":{"line":33,"column":20},"end":{"line":33,"column":21}},"loc":{"start":{"line":33,"column":41},"end":{"line":49,"column":2}},"line":33},"10":{"name":"(anonymous_10)","decl":{"start":{"line":38,"column":9},"end":{"line":38,"column":10}},"loc":{"start":{"line":38,"column":18},"end":{"line":44,"column":4}},"line":38},"11":{"name":"(anonymous_11)","decl":{"start":{"line":45,"column":10},"end":{"line":45,"column":11}},"loc":{"start":{"line":45,"column":19},"end":{"line":48,"column":4}},"line":45},"12":{"name":"(anonymous_12)","decl":{"start":{"line":52,"column":20},"end":{"line":52,"column":21}},"loc":{"start":{"line":52,"column":30},"end":{"line":66,"column":1}},"line":52},"13":{"name":"(anonymous_13)","decl":{"start":{"line":53,"column":20},"end":{"line":53,"column":21}},"loc":{"start":{"line":53,"column":41},"end":{"line":65,"column":2}},"line":53},"14":{"name":"(anonymous_14)","decl":{"start":{"line":58,"column":9},"end":{"line":58,"column":10}},"loc":{"start":{"line":58,"column":18},"end":{"line":61,"column":4}},"line":58},"15":{"name":"(anonymous_15)","decl":{"start":{"line":62,"column":10},"end":{"line":62,"column":11}},"loc":{"start":{"line":62,"column":19},"end":{"line":64,"column":4}},"line":62}},"branchMap":{},"s":{"0":1,"1":1,"2":1,"3":0,"4":0,"5":0,"6":0,"7":1,"8":0,"9":0,"10":0,"11":0,"12":0,"13":1,"14":0,"15":0,"16":0,"17":0,"18":0,"19":0,"20":1,"21":0,"22":0,"23":0,"24":0,"25":0,"26":1},"f":{"0":0,"1":0,"2":0,"3":0,"4":0,"5":0,"6":0,"7":0,"8":0,"9":0,"10":0,"11":0,"12":0,"13":0,"14":0,"15":0},"b":{},"_coverageSchema":"1a1c01bbd47fc00a2c39e90264f33305004495a9","hash":"f462624ddb869cc4e6fc0beac1b25b261fd3ebf3"}
,"/home/calvin-ubuntu/Arkademy/Tugas/Tugas_RestApi/src/models/products.js": {"path":"/home/calvin-ubuntu/Arkademy/Tugas/Tugas_RestApi/src/models/products.js","statementMap":{"0":{"start":{"line":1,"column":11},"end":{"line":1,"column":35}},"1":{"start":{"line":2,"column":18},"end":{"line":2,"column":20}},"2":{"start":{"line":4,"column":0},"end":{"line":14,"column":2}},"3":{"start":{"line":5,"column":1},"end":{"line":13,"column":4}},"4":{"start":{"line":6,"column":2},"end":{"line":12,"column":6}},"5":{"start":{"line":8,"column":4},"end":{"line":8,"column":22}},"6":{"start":{"line":11,"column":4},"end":{"line":11,"column":16}},"7":{"start":{"line":16,"column":0},"end":{"line":27,"column":2}},"8":{"start":{"line":17,"column":1},"end":{"line":26,"column":4}},"9":{"start":{"line":18,"column":2},"end":{"line":25,"column":6}},"10":{"start":{"line":20,"column":4},"end":{"line":20,"column":22}},"11":{"start":{"line":23,"column":4},"end":{"line":23,"column":21}},"12":{"start":{"line":24,"column":4},"end":{"line":24,"column":16}},"13":{"start":{"line":29,"column":0},"end":{"line":43,"column":2}},"14":{"start":{"line":30,"column":1},"end":{"line":42,"column":4}},"15":{"start":{"line":31,"column":2},"end":{"line":41,"column":6}},"16":{"start":{"line":35,"column":4},"end":{"line":35,"column":22}},"17":{"start":{"line":36,"column":4},"end":{"line":36,"column":22}},"18":{"start":{"line":39,"column":4},"end":{"line":39,"column":21}},"19":{"start":{"line":40,"column":4},"end":{"line":40,"column":16}},"20":{"start":{"line":45,"column":0},"end":{"line":58,"column":2}},"21":{"start":{"line":46,"column":1},"end":{"line":57,"column":4}},"22":{"start":{"line":47,"column":2},"end":{"line":56,"column":6}},"23":{"start":{"line":51,"column":4},"end":{"line":51,"column":22}},"24":{"start":{"line":54,"column":4},"end":{"line":54,"column":21}},"25":{"start":{"line":55,"column":4},"end":{"line":55,"column":16}},"26":{"start":{"line":60,"column":0},"end":{"line":70,"column":2}},"27":{"start":{"line":61,"column":1},"end":{"line":69,"column":4}},"28":{"start":{"line":62,"column":2},"end":{"line":68,"column":6}},"29":{"start":{"line":64,"column":4},"end":{"line":64,"column":22}},"30":{"start":{"line":67,"column":4},"end":{"line":67,"column":16}},"31":{"start":{"line":72,"column":0},"end":{"line":82,"column":2}},"32":{"start":{"line":73,"column":1},"end":{"line":81,"column":4}},"33":{"start":{"line":74,"column":2},"end":{"line":80,"column":6}},"34":{"start":{"line":76,"column":4},"end":{"line":76,"column":22}},"35":{"start":{"line":79,"column":4},"end":{"line":79,"column":16}},"36":{"start":{"line":84,"column":0},"end":{"line":94,"column":2}},"37":{"start":{"line":85,"column":1},"end":{"line":93,"column":4}},"38":{"start":{"line":86,"column":2},"end":{"line":92,"column":6}},"39":{"start":{"line":88,"column":4},"end":{"line":88,"column":22}},"40":{"start":{"line":91,"column":4},"end":{"line":91,"column":16}},"41":{"start":{"line":96,"column":0},"end":{"line":106,"column":2}},"42":{"start":{"line":97,"column":1},"end":{"line":105,"column":4}},"43":{"start":{"line":98,"column":2},"end":{"line":104,"column":6}},"44":{"start":{"line":100,"column":4},"end":{"line":100,"column":22}},"45":{"start":{"line":103,"column":4},"end":{"line":103,"column":16}},"46":{"start":{"line":108,"column":0},"end":{"line":118,"column":2}},"47":{"start":{"line":109,"column":1},"end":{"line":117,"column":4}},"48":{"start":{"line":110,"column":2},"end":{"line":116,"column":6}},"49":{"start":{"line":112,"column":4},"end":{"line":112,"column":22}},"50":{"start":{"line":115,"column":4},"end":{"line":115,"column":16}},"51":{"start":{"line":120,"column":0},"end":{"line":130,"column":2}},"52":{"start":{"line":121,"column":1},"end":{"line":129,"column":4}},"53":{"start":{"line":122,"column":2},"end":{"line":128,"column":6}},"54":{"start":{"line":124,"column":4},"end":{"line":124,"column":22}},"55":{"start":{"line":127,"column":4},"end":{"line":127,"column":16}},"56":{"start":{"line":132,"column":0},"end":{"line":146,"column":2}},"57":{"start":{"line":133,"column":1},"end":{"line":145,"column":4}},"58":{"start":{"line":134,"column":2},"end":{"line":144,"column":6}},"59":{"start":{"line":139,"column":4},"end":{"line":139,"column":22}},"60":{"start":{"line":140,"column":4},"end":{"line":140,"column":18}},"61":{"start":{"line":143,"column":4},"end":{"line":143,"column":16}},"62":{"start":{"line":148,"column":0},"end":{"line":171,"column":2}},"63":{"start":{"line":149,"column":1},"end":{"line":170,"column":4}},"64":{"start":{"line":150,"column":2},"end":{"line":169,"column":6}},"65":{"start":{"line":163,"column":4},"end":{"line":163,"column":22}},"66":{"start":{"line":164,"column":4},"end":{"line":164,"column":18}},"67":{"start":{"line":167,"column":4},"end":{"line":167,"column":21}},"68":{"start":{"line":168,"column":4},"end":{"line":168,"column":16}},"69":{"start":{"line":173,"column":0},"end":{"line":183,"column":2}},"70":{"start":{"line":174,"column":1},"end":{"line":182,"column":4}},"71":{"start":{"line":175,"column":2},"end":{"line":181,"column":6}},"72":{"start":{"line":177,"column":4},"end":{"line":177,"column":18}},"73":{"start":{"line":180,"column":4},"end":{"line":180,"column":16}},"74":{"start":{"line":185,"column":0},"end":{"line":198,"column":2}},"75":{"start":{"line":186,"column":1},"end":{"line":197,"column":4}},"76":{"start":{"line":187,"column":2},"end":{"line":196,"column":6}},"77":{"start":{"line":191,"column":4},"end":{"line":191,"column":58}},"78":{"start":{"line":192,"column":4},"end":{"line":192,"column":22}},"79":{"start":{"line":195,"column":4},"end":{"line":195,"column":16}},"80":{"start":{"line":200,"column":0},"end":{"line":221,"column":2}},"81":{"start":{"line":201,"column":1},"end":{"line":220,"column":4}},"82":{"start":{"line":202,"column":2},"end":{"line":219,"column":6}},"83":{"start":{"line":214,"column":4},"end":{"line":214,"column":18}},"84":{"start":{"line":217,"column":4},"end":{"line":217,"column":21}},"85":{"start":{"line":218,"column":4},"end":{"line":218,"column":16}},"86":{"start":{"line":223,"column":0},"end":{"line":233,"column":2}},"87":{"start":{"line":224,"column":1},"end":{"line":232,"column":4}},"88":{"start":{"line":225,"column":2},"end":{"line":231,"column":6}},"89":{"start":{"line":227,"column":4},"end":{"line":227,"column":22}},"90":{"start":{"line":230,"column":4},"end":{"line":230,"column":16}},"91":{"start":{"line":235,"column":0},"end":{"line":235,"column":27}}},"fnMap":{"0":{"name":"(anonymous_0)","decl":{"start":{"line":4,"column":19},"end":{"line":4,"column":20}},"loc":{"start":{"line":4,"column":25},"end":{"line":14,"column":1}},"line":4},"1":{"name":"(anonymous_1)","decl":{"start":{"line":5,"column":20},"end":{"line":5,"column":21}},"loc":{"start":{"line":5,"column":41},"end":{"line":13,"column":2}},"line":5},"2":{"name":"(anonymous_2)","decl":{"start":{"line":7,"column":9},"end":{"line":7,"column":10}},"loc":{"start":{"line":7,"column":18},"end":{"line":9,"column":4}},"line":7},"3":{"name":"(anonymous_3)","decl":{"start":{"line":10,"column":10},"end":{"line":10,"column":11}},"loc":{"start":{"line":10,"column":19},"end":{"line":12,"column":4}},"line":10},"4":{"name":"(anonymous_4)","decl":{"start":{"line":16,"column":27},"end":{"line":16,"column":28}},"loc":{"start":{"line":16,"column":39},"end":{"line":27,"col
[...]
,"/home/calvin-ubuntu/Arkademy/Tugas/Tugas_RestApi/src/models/seller.js": {"path":"/home/calvin-ubuntu/Arkademy/Tugas/Tugas_RestApi/src/models/seller.js","statementMap":{"0":{"start":{"line":1,"column":11},"end":{"line":1,"column":35}},"1":{"start":{"line":2,"column":17},"end":{"line":2,"column":19}},"2":{"start":{"line":4,"column":0},"end":{"line":18,"column":2}},"3":{"start":{"line":5,"column":1},"end":{"line":17,"column":4}},"4":{"start":{"line":6,"column":2},"end":{"line":16,"column":6}},"5":{"start":{"line":11,"column":4},"end":{"line":11,"column":22}},"6":{"start":{"line":12,"column":4},"end":{"line":12,"column":46}},"7":{"start":{"line":15,"column":4},"end":{"line":15,"column":16}},"8":{"start":{"line":20,"column":0},"end":{"line":30,"column":2}},"9":{"start":{"line":21,"column":1},"end":{"line":29,"column":4}},"10":{"start":{"line":22,"column":2},"end":{"line":28,"column":6}},"11":{"start":{"line":24,"column":4},"end":{"line":24,"column":22}},"12":{"start":{"line":27,"column":4},"end":{"line":27,"column":16}},"13":{"start":{"line":32,"column":0},"end":{"line":45,"column":2}},"14":{"start":{"line":33,"column":1},"end":{"line":44,"column":4}},"15":{"start":{"line":34,"column":2},"end":{"line":43,"column":6}},"16":{"start":{"line":38,"column":4},"end":{"line":38,"column":21}},"17":{"start":{"line":39,"column":4},"end":{"line":39,"column":17}},"18":{"start":{"line":42,"column":4},"end":{"line":42,"column":16}},"19":{"start":{"line":47,"column":0},"end":{"line":58,"column":2}},"20":{"start":{"line":48,"column":1},"end":{"line":57,"column":4}},"21":{"start":{"line":49,"column":2},"end":{"line":56,"column":6}},"22":{"start":{"line":51,"column":4},"end":{"line":51,"column":22}},"23":{"start":{"line":52,"column":4},"end":{"line":52,"column":22}},"24":{"start":{"line":55,"column":4},"end":{"line":55,"column":16}},"25":{"start":{"line":60,"column":0},"end":{"line":60,"column":26}}},"fnMap":{"0":{"name":"(anonymous_0)","decl":{"start":{"line":4,"column":19},"end":{"line":4,"column":20}},"loc":{"start":{"line":4,"column":29},"end":{"line":18,"column":1}},"line":4},"1":{"name":"(anonymous_1)","decl":{"start":{"line":5,"column":20},"end":{"line":5,"column":21}},"loc":{"start":{"line":5,"column":41},"end":{"line":17,"column":2}},"line":5},"2":{"name":"(anonymous_2)","decl":{"start":{"line":10,"column":9},"end":{"line":10,"column":10}},"loc":{"start":{"line":10,"column":18},"end":{"line":13,"column":4}},"line":10},"3":{"name":"(anonymous_3)","decl":{"start":{"line":14,"column":10},"end":{"line":14,"column":11}},"loc":{"start":{"line":14,"column":19},"end":{"line":16,"column":4}},"line":14},"4":{"name":"(anonymous_4)","decl":{"start":{"line":20,"column":22},"end":{"line":20,"column":23}},"loc":{"start":{"line":20,"column":33},"end":{"line":30,"column":1}},"line":20},"5":{"name":"(anonymous_5)","decl":{"start":{"line":21,"column":20},"end":{"line":21,"column":21}},"loc":{"start":{"line":21,"column":41},"end":{"line":29,"column":2}},"line":21},"6":{"name":"(anonymous_6)","decl":{"start":{"line":23,"column":9},"end":{"line":23,"column":10}},"loc":{"start":{"line":23,"column":18},"end":{"line":25,"column":4}},"line":23},"7":{"name":"(anonymous_7)","decl":{"start":{"line":26,"column":10},"end":{"line":26,"column":11}},"loc":{"start":{"line":26,"column":19},"end":{"line":28,"column":4}},"line":26},"8":{"name":"(anonymous_8)","decl":{"start":{"line":32,"column":19},"end":{"line":32,"column":20}},"loc":{"start":{"line":32,"column":29},"end":{"line":45,"column":1}},"line":32},"9":{"name":"(anonymous_9)","decl":{"start":{"line":33,"column":20},"end":{"line":33,"column":21}},"loc":{"start":{"line":33,"column":41},"end":{"line":44,"column":2}},"line":33},"10":{"name":"(anonymous_10)","decl":{"start":{"line":37,"column":9},"end":{"line":37,"column":10}},"loc":{"start":{"line":37,"column":18},"end":{"line":40,"column":4}},"line":37},"11":{"name":"(anonymous_11)","decl":{"start":{"line":41,"column":10},"end":{"line":41,"column":11}},"loc":{"start":{"line":41,"column":19},"end":{"line":43,"column":4}},"line":41},"12":{"name":"(anonymous_12)","decl":{"start":{"line":47,"column":21},"end":{"line":47,"column":22}},"loc":{"start":{"line":47,"column":31},"end":{"line":58,"column":1}},"line":47},"13":{"name":"(anonymous_13)","decl":{"start":{"line":48,"column":20},"end":{"line":48,"column":21}},"loc":{"start":{"line":48,"column":41},"end":{"line":57,"column":2}},"line":48},"14":{"name":"(anonymous_14)","decl":{"start":{"line":50,"column":9},"end":{"line":50,"column":10}},"loc":{"start":{"line":50,"column":18},"end":{"line":53,"column":4}},"line":50},"15":{"name":"(anonymous_15)","decl":{"start":{"line":54,"column":10},"end":{"line":54,"column":11}},"loc":{"start":{"line":54,"column":19},"end":{"line":56,"column":4}},"line":54}},"branchMap":{},"s":{"0":1,"1":1,"2":1,"3":0,"4":0,"5":0,"6":0,"7":0,"8":1,"9":0,"10":0,"11":0,"12":0,"13":1,"14":0,"15":0,"16":0,"17":0,"18":0,"19":1,"20":0,"21":0,"22":0,"23":0,"24":0,"25":1},"f":{"0":0,"1":0,"2":0,"3":0,"4":0,"5":0,"6":0,"7":0,"8":0,"9":0,"10":0,"11":0,"12":0,"13":0,"14":0,"15":0},"b":{},"_coverageSchema":"1a1c01bbd47fc00a2c39e90264f33305004495a9","hash":"a4130ff1c2350e91333bd17c9f28e0e509485170"}
,"/home/calvin-ubuntu/Arkademy/Tugas/Tugas_RestApi/src/models/users-sequelize.js": {"path":"/home/calvin-ubuntu/Arkademy/Tugas/Tugas_RestApi/src/models/users-sequelize.js","statementMap":{"0":{"start":{"line":1,"column":22},"end":{"line":1,"column":42}},"1":{"start":{"line":2,"column":18},"end":{"line":2,"column":49}},"2":{"start":{"line":6,"column":2},"end":{"line":52,"column":5}},"3":{"start":{"line":55,"column":2},"end":{"line":72,"column":5}},"4":{"start":{"line":56,"column":64},"end":{"line":56,"column":68}},"5":{"start":{"line":57,"column":3},"end":{"line":71,"column":7}},"6":{"start":{"line":67,"column":5},"end":{"line":67,"column":41}},"7":{"start":{"line":70,"column":5},"end":{"line":70,"column":17}},"8":{"start":{"line":75,"column":2},"end":{"line":84,"column":5}},"9":{"start":{"line":76,"column":3},"end":{"line":83,"column":7}},"10":{"start":{"line":79,"column":5},"end":{"line":79,"column":18}},"11":{"start":{"line":82,"column":5},"end":{"line":82,"column":17}},"12":{"start":{"line":88,"column":0},"end":{"line":88,"column":29}}},"fnMap":{"0":{"name":"(anonymous_0)","decl":{"start":{"line":5,"column":1},"end":{"line":5,"column":2}},"loc":{"start":{"line":5,"column":15},"end":{"line":53,"column":2}},"line":5},"1":{"name":"(anonymous_1)","decl":{"start":{"line":54,"column":1},"end":{"line":54,"column":2}},"loc":{"start":{"line":54,"column":14},"end":{"line":73,"column":2}},"line":54},"2":{"name":"(anonymous_2)","decl":{"start":{"line":55,"column":21},"end":{"line":55,"column":22}},"loc":{"start":{"line":55,"column":42},"end":{"line":72,"column":3}},"line":55},"3":{"name":"(anonymous_3)","decl":{"start":{"line":66,"column":10},"end":{"line":66,"column":11}},"loc":{"start":{"line":66,"column":19},"end":{"line":68,"column":5}},"line":66},"4":{"name":"(anonymous_4)","decl":{"start":{"line":69,"column":11},"end":{"line":69,"column":12}},"loc":{"start":{"line":69,"column":20},"end":{"line":71,"column":5}},"line":69},"5":{"name":"(anonymous_5)","decl":{"start":{"line":74,"column":1},"end":{"line":74,"column":2}},"loc":{"start":{"line":74,"column":11},"end":{"line":85,"column":2}},"line":74},"6":{"name":"(anonymous_6)","decl":{"start":{"line":75,"column":21},"end":{"line":75,"column":22}},"loc":{"start":{"line":75,"column":42},"end":{"line":84,"column":3}},"line":75},"7":{"name":"(anonymous_7)","decl":{"start":{"line":78,"column":10},"end":{"line":78,"column":11}},"loc":{"start":{"line":78,"column":19},"end":{"line":80,"column":5}},"line":78},"8":{"name":"(anonymous_8)","decl":{"start":{"line":81,"column":11},"end":{"line":81,"column":12}},"loc":{"start":{"line":81,"column":20},"end":{"line":83,"column":5}},"line":81}},"branchMap":{},"s":{"0":1,"1":1,"2":1,"3":0,"4":0,"5":0,"6":0,"7":0,"8":0,"9":0,"10":0,"11":0,"12":1},"f":{"0":1,"1":0,"2":0,"3":0,"4":0,"5":0,"6":0,"7":0,"8":0},"b":{},"_coverageSchema":"1a1c01bbd47fc00a2c39e90264f33305004495a9","hash":"88dd8475bf32f8d7e9de41dce2220358f1b12928"}
,"/home/calvin-ubuntu/Arkademy/Tugas/Tugas_RestApi/src/models/users.js": {"path":"/home/calvin-ubuntu/Arkademy/Tugas/Tugas_RestApi/src/models/users.js","statementMap":{"0":{"start":{"line":1,"column":11},"end":{"line":1,"column":35}},"1":{"start":{"line":2,"column":16},"end":{"line":2,"column":18}},"2":{"start":{"line":4,"column":0},"end":{"line":18,"column":2}},"3":{"start":{"line":5,"column":1},"end":{"line":17,"column":4}},"4":{"start":{"line":6,"column":2},"end":{"line":16,"column":6}},"5":{"start":{"line":12,"column":4},"end":{"line":12,"column":18}},"6":{"start":{"line":15,"column":4},"end":{"line":15,"column":16}},"7":{"start":{"line":20,"column":0},"end":{"line":30,"column":2}},"8":{"start":{"line":21,"column":1},"end":{"line":29,"column":4}},"9":{"start":{"line":22,"column":2},"end":{"line":28,"column":6}},"10":{"start":{"line":24,"column":4},"end":{"line":24,"column":22}},"11":{"start":{"line":27,"column":4},"end":{"line":27,"column":16}},"12":{"start":{"line":32,"column":0},"end":{"line":45,"column":2}},"13":{"start":{"line":33,"column":1},"end":{"line":44,"column":4}},"14":{"start":{"line":34,"column":2},"end":{"line":43,"column":6}},"15":{"start":{"line":38,"column":4},"end":{"line":38,"column":21}},"16":{"start":{"line":39,"column":4},"end":{"line":39,"column":17}},"17":{"start":{"line":42,"column":4},"end":{"line":42,"column":16}},"18":{"start":{"line":47,"column":0},"end":{"line":58,"column":2}},"19":{"start":{"line":48,"column":1},"end":{"line":57,"column":4}},"20":{"start":{"line":49,"column":2},"end":{"line":56,"column":6}},"21":{"start":{"line":51,"column":4},"end":{"line":51,"column":22}},"22":{"start":{"line":54,"column":4},"end":{"line":54,"column":21}},"23":{"start":{"line":55,"column":4},"end":{"line":55,"column":16}},"24":{"start":{"line":60,"column":0},"end":{"line":60,"column":25}}},"fnMap":{"0":{"name":"(anonymous_0)","decl":{"start":{"line":4,"column":18},"end":{"line":4,"column":19}},"loc":{"start":{"line":4,"column":28},"end":{"line":18,"column":1}},"line":4},"1":{"name":"(anonymous_1)","decl":{"start":{"line":5,"column":20},"end":{"line":5,"column":21}},"loc":{"start":{"line":5,"column":41},"end":{"line":17,"column":2}},"line":5},"2":{"name":"(anonymous_2)","decl":{"start":{"line":11,"column":9},"end":{"line":11,"column":10}},"loc":{"start":{"line":11,"column":18},"end":{"line":13,"column":4}},"line":11},"3":{"name":"(anonymous_3)","decl":{"start":{"line":14,"column":10},"end":{"line":14,"column":11}},"loc":{"start":{"line":14,"column":19},"end":{"line":16,"column":4}},"line":14},"4":{"name":"(anonymous_4)","decl":{"start":{"line":20,"column":21},"end":{"line":20,"column":22}},"loc":{"start":{"line":20,"column":32},"end":{"line":30,"column":1}},"line":20},"5":{"name":"(anonymous_5)","decl":{"start":{"line":21,"column":20},"end":{"line":21,"column":21}},"loc":{"start":{"line":21,"column":41},"end":{"line":29,"column":2}},"line":21},"6":{"name":"(anonymous_6)","decl":{"start":{"line":23,"column":9},"end":{"line":23,"column":10}},"loc":{"start":{"line":23,"column":18},"end":{"line":25,"column":4}},"line":23},"7":{"name":"(anonymous_7)","decl":{"start":{"line":26,"column":10},"end":{"line":26,"column":11}},"loc":{"start":{"line":26,"column":19},"end":{"line":28,"column":4}},"line":26},"8":{"name":"(anonymous_8)","decl":{"start":{"line":32,"column":18},"end":{"line":32,"column":19}},"loc":{"start":{"line":32,"column":28},"end":{"line":45,"column":1}},"line":32},"9":{"name":"(anonymous_9)","decl":{"start":{"line":33,"column":20},"end":{"line":33,"column":21}},"loc":{"start":{"line":33,"column":41},"end":{"line":44,"column":2}},"line":33},"10":{"name":"(anonymous_10)","decl":{"start":{"line":37,"column":9},"end":{"line":37,"column":10}},"loc":{"start":{"line":37,"column":18},"end":{"line":40,"column":4}},"line":37},"11":{"name":"(anonymous_11)","decl":{"start":{"line":41,"column":10},"end":{"line":41,"column":11}},"loc":{"start":{"line":41,"column":19},"end":{"line":43,"column":4}},"line":41},"12":{"name":"(anonymous_12)","decl":{"start":{"line":47,"column":17},"end":{"line":47,"column":18}},"loc":{"start":{"line":47,"column":23},"end":{"line":58,"column":1}},"line":47},"13":{"name":"(anonymous_13)","decl":{"start":{"line":48,"column":20},"end":{"line":48,"column":21}},"loc":{"start":{"line":48,"column":41},"end":{"line":57,"column":2}},"line":48},"14":{"name":"(anonymous_14)","decl":{"start":{"line":50,"column":9},"end":{"line":50,"column":10}},"loc":{"start":{"line":50,"column":18},"end":{"line":52,"column":4}},"line":50},"15":{"name":"(anonymous_15)","decl":{"start":{"line":53,"column":10},"end":{"line":53,"column":11}},"loc":{"start":{"line":53,"column":19},"end":{"line":56,"column":4}},"line":53}},"branchMap":{},"s":{"0":1,"1":1,"2":1,"3":0,"4":0,"5":0,"6":0,"7":1,"8":0,"9":0,"10":0,"11":0,"12":1,"13":0,"14":0,"15":0,"16":0,"17":0,"18":1,"19":0,"20":0,"21":0,"22":0,"23":0,"24":1},"f":{"0":0,"1":0,"2":0,"3":0,"4":0,"5":0,"6":0,"7":0,"8":0,"9":0,"10":0,"11":0,"12":0,"13":0,"14":0,"15":0},"b":{},"_coverageSchema":"1a1c01bbd47fc00a2c39e90264f33305004495a9","hash":"791faf12aa4a55429adf1f3e431c805af67c9886"}
,"/home/calvin-ubuntu/Arkademy/Tugas/Tugas_RestApi/src/routes/bag.js": {"path":"/home/calvin-ubuntu/Arkademy/Tugas/Tugas_RestApi/src/routes/bag.js","statementMap":{"0":{"start":{"line":1,"column":16},"end":{"line":1,"column":34}},"1":{"start":{"line":2,"column":15},"end":{"line":2,"column":31}},"2":{"start":{"line":3,"column":16},"end":{"line":3,"column":45}},"3":{"start":{"line":4,"column":17},"end":{"line":4,"column":50}},"4":{"start":{"line":5,"column":14},"end":{"line":5,"column":44}},"5":{"start":{"line":7,"column":0},"end":{"line":7,"column":70}},"6":{"start":{"line":8,"column":0},"end":{"line":8,"column":64}},"7":{"start":{"line":9,"column":0},"end":{"line":9,"column":71}},"8":{"start":{"line":11,"column":0},"end":{"line":11,"column":24}}},"fnMap":{},"branchMap":{},"s":{"0":1,"1":1,"2":1,"3":1,"4":1,"5":1,"6":1,"7":1,"8":1},"f":{},"b":{},"_coverageSchema":"1a1c01bbd47fc00a2c39e90264f33305004495a9","hash":"ffadaed5cf28ad5c7ab522e7a22c0f6587b04602"}
,"/home/calvin-ubuntu/Arkademy/Tugas/Tugas_RestApi/src/routes/category.js": {"path":"/home/calvin-ubuntu/Arkademy/Tugas/Tugas_RestApi/src/routes/category.js","statementMap":{"0":{"start":{"line":1,"column":16},"end":{"line":1,"column":34}},"1":{"start":{"line":2,"column":15},"end":{"line":2,"column":31}},"2":{"start":{"line":3,"column":21},"end":{"line":3,"column":55}},"3":{"start":{"line":5,"column":0},"end":{"line":5,"column":37}},"4":{"start":{"line":6,"column":0},"end":{"line":6,"column":54}},"5":{"start":{"line":7,"column":0},"end":{"line":7,"column":59}},"6":{"start":{"line":8,"column":0},"end":{"line":8,"column":54}},"7":{"start":{"line":10,"column":0},"end":{"line":10,"column":24}}},"fnMap":{},"branchMap":{},"s":{"0":1,"1":1,"2":1,"3":1,"4":1,"5":1,"6":1,"7":1},"f":{},"b":{},"_coverageSchema":"1a1c01bbd47fc00a2c39e90264f33305004495a9","hash":"17cdc387b89a3da5071316eca1c4b5c4d2b5fdf5"}
,"/home/calvin-ubuntu/Arkademy/Tugas/Tugas_RestApi/src/routes/login.js": {"path":"/home/calvin-ubuntu/Arkademy/Tugas/Tugas_RestApi/src/routes/login.js","statementMap":{"0":{"start":{"line":1,"column":16},"end":{"line":1,"column":34}},"1":{"start":{"line":2,"column":15},"end":{"line":2,"column":31}},"2":{"start":{"line":3,"column":24},"end":{"line":3,"column":62}},"3":{"start":{"line":4,"column":26},"end":{"line":4,"column":67}},"4":{"start":{"line":6,"column":0},"end":{"line":6,"column":46}},"5":{"start":{"line":7,"column":0},"end":{"line":7,"column":50}},"6":{"start":{"line":9,"column":0},"end":{"line":9,"column":24}}},"fnMap":{},"branchMap":{},"s":{"0":1,"1":1,"2":1,"3":1,"4":1,"5":1,"6":1},"f":{},"b":{},"_coverageSchema":"1a1c01bbd47fc00a2c39e90264f33305004495a9","hash":"21f4006f26886c19c5dcb5cee6d3747c40c985fe"}
,"/home/calvin-ubuntu/Arkademy/Tugas/Tugas_RestApi/src/routes/products.js": {"path":"/home/calvin-ubuntu/Arkademy/Tugas/Tugas_RestApi/src/routes/products.js","statementMap":{"0":{"start":{"line":1,"column":16},"end":{"line":1,"column":34}},"1":{"start":{"line":2,"column":15},"end":{"line":2,"column":31}},"2":{"start":{"line":3,"column":21},"end":{"line":3,"column":55}},"3":{"start":{"line":4,"column":17},"end":{"line":4,"column":50}},"4":{"start":{"line":5,"column":14},"end":{"line":5,"column":44}},"5":{"start":{"line":7,"column":0},"end":{"line":7,"column":65}},"6":{"start":{"line":8,"column":0},"end":{"line":12,"column":2}},"7":{"start":{"line":13,"column":0},"end":{"line":13,"column":52}},"8":{"start":{"line":14,"column":0},"end":{"line":14,"column":56}},"9":{"start":{"line":15,"column":0},"end":{"line":15,"column":39}},"10":{"start":{"line":16,"column":0},"end":{"line":16,"column":70}},"11":{"start":{"line":18,"column":0},"end":{"line":18,"column":24}}},"fnMap":{},"branchMap":{},"s":{"0":1,"1":1,"2":1,"3":1,"4":1,"5":1,"6":1,"7":1,"8":1,"9":1,"10":1,"11":1},"f":{},"b":{},"_coverageSchema":"1a1c01bbd47fc00a2c39e90264f33305004495a9","hash":"d6b1d4dcf4aecccdc55e08d268712b84bbd66aa7"}
,"/home/calvin-ubuntu/Arkademy/Tugas/Tugas_RestApi/src/routes/seller.js": {"path":"/home/calvin-ubuntu/Arkademy/Tugas/Tugas_RestApi/src/routes/seller.js","statementMap":{"0":{"start":{"line":1,"column":16},"end":{"line":1,"column":34}},"1":{"start":{"line":2,"column":15},"end":{"line":2,"column":31}},"2":{"start":{"line":3,"column":19},"end":{"line":3,"column":51}},"3":{"start":{"line":4,"column":14},"end":{"line":4,"column":44}},"4":{"start":{"line":5,"column":17},"end":{"line":5,"column":50}},"5":{"start":{"line":6,"column":16},"end":{"line":6,"column":47}},"6":{"start":{"line":7,"column":20},"end":{"line":7,"column":54}},"7":{"start":{"line":8,"column":18},"end":{"line":8,"column":60}},"8":{"start":{"line":10,"column":0},"end":{"line":10,"column":60}},"9":{"start":{"line":11,"column":0},"end":{"line":11,"column":56}},"10":{"start":{"line":12,"column":0},"end":{"line":17,"column":2}},"11":{"start":{"line":18,"column":0},"end":{"line":23,"column":2}},"12":{"start":{"line":24,"column":0},"end":{"line":24,"column":72}},"13":{"start":{"line":25,"column":0},"end":{"line":30,"column":2}},"14":{"start":{"line":32,"column":0},"end":{"line":37,"column":2}},"15":{"start":{"line":39,"column":0},"end":{"line":39,"column":24}}},"fnMap":{},"branchMap":{},"s":{"0":1,"1":1,"2":1,"3":1,"4":1,"5":1,"6":1,"7":1,"8":1,"9":1,"10":1,"11":1,"12":1,"13":1,"14":1,"15":1},"f":{},"b":{},"_coverageSchema":"1a1c01bbd47fc00a2c39e90264f33305004495a9","hash":"1e355e9d7de1f16eb59d40b9dacf5c943b38b580"}
,"/home/calvin-ubuntu/Arkademy/Tugas/Tugas_RestApi/src/routes/users.js": {"path":"/home/calvin-ubuntu/Arkademy/Tugas/Tugas_RestApi/src/routes/users.js","statementMap":{"0":{"start":{"line":1,"column":16},"end":{"line":1,"column":34}},"1":{"start":{"line":2,"column":15},"end":{"line":2,"column":31}},"2":{"start":{"line":3,"column":17},"end":{"line":3,"column":48}},"3":{"start":{"line":4,"column":16},"end":{"line":4,"column":57}},"4":{"start":{"line":5,"column":17},"end":{"line":5,"column":53}},"5":{"start":{"line":6,"column":16},"end":{"line":6,"column":47}},"6":{"start":{"line":8,"column":0},"end":{"line":8,"column":56}},"7":{"start":{"line":9,"column":0},"end":{"line":9,"column":54}},"8":{"start":{"line":10,"column":0},"end":{"line":10,"column":39}},"9":{"start":{"line":11,"column":0},"end":{"line":16,"column":2}},"10":{"start":{"line":18,"column":0},"end":{"line":18,"column":24}}},"fnMap":{},"branchMap":{},"s":{"0":1,"1":1,"2":1,"3":1,"4":1,"5":1,"6":1,"7":1,"8":1,"9":1,"10":1},"f":{},"b":{},"_coverageSchema":"1a1c01bbd47fc00a2c39e90264f33305004495a9","hash":"cf933776af458c71fbd193dc5bb8a66583002863"}
}
