{"/home/calvin-ubuntu/Arkademy/Tugas/Tugas_RestApi/src/helpers/errorhandler.js": {"path":"/home/calvin-ubuntu/Arkademy/Tugas/Tugas_RestApi/src/helpers/errorhandler.js","statementMap":{"0":{"start":{"line":2,"column":12},"end":{"line":2,"column":14}},"1":{"start":{"line":4,"column":1},"end":{"line":28,"column":2}},"2":{"start":{"line":6,"column":3},"end":{"line":6,"column":15}},"3":{"start":{"line":7,"column":3},"end":{"line":7,"column":9}},"4":{"start":{"line":9,"column":3},"end":{"line":9,"column":20}},"5":{"start":{"line":10,"column":3},"end":{"line":10,"column":9}},"6":{"start":{"line":12,"column":3},"end":{"line":12,"column":24}},"7":{"start":{"line":13,"column":3},"end":{"line":13,"column":9}},"8":{"start":{"line":15,"column":3},"end":{"line":15,"column":25}},"9":{"start":{"line":16,"column":3},"end":{"line":16,"column":9}},"10":{"start":{"line":18,"column":3},"end":{"line":18,"column":34}},"11":{"start":{"line":19,"column":3},"end":{"line":19,"column":9}},"12":{"start":{"line":21,"column":3},"end":{"line":21,"column":24}},"13":{"start":{"line":22,"column":3},"end":{"line":22,"column":9}},"14":{"start":{"line":24,"column":3},"end":{"line":24,"column":25}},"15":{"start":{"line":25,"column":3},"end":{"line":25,"column":9}},"16":{"start":{"line":27,"column":3},"end":{"line":27,"column":13}},"17":{"start":{"line":30,"column":18},"end":{"line":32,"column":2}},"18":{"start":{"line":31,"column":2},"end":{"line":31,"column":47}},"19":{"start":{"line":34,"column":17},"end":{"line":39,"column":2}},"20":{"start":{"line":41,"column":1},"end":{"line":41,"column":41}},"21":{"start":{"line":44,"column":0},"end":{"line":44,"column":25}}},"fnMap":{"0":{"name":"handler","decl":{"start":{"line":1,"column":9},"end":{"line":1,"column":16}},"loc":{"start":{"line":1,"column":43},"end":{"line":42,"column":1}},"line":1},"1":{"name":"(anonymous_1)","decl":{"start":{"line":30,"column":18},"end":{"line":30,"column":19}},"loc":{"start":{"line":30,"column":28},"end":{"line":32,"column":2}},"line":30}},"branchMap":{"0":{"loc":{"start":{"line":1,"column":30},"end":{"line":1,"column":41}},"type":"default-arg","locations":[{"start":{"line":1,"column":39},"end":{"line":1,"column":41}}],"line":1},"1":{"loc":{"start":{"line":4,"column":1},"end":{"line":28,"column":2}},"type":"switch","locations":[{"start":{"line":5,"column":2},"end":{"line":7,"column":9}},{"start":{"line":8,"column":2},"end":{"line":10,"column":9}},{"start":{"line":11,"column":2},"end":{"line":13,"column":9}},{"start":{"line":14,"column":2},"end":{"line":16,"column":9}},{"start":{"line":17,"column":2},"end":{"line":19,"column":9}},{"start":{"line":20,"column":2},"end":{"line":22,"column":9}},{"start":{"line":23,"column":2},"end":{"line":25,"column":9}},{"start":{"line":26,"column":2},"end":{"line":27,"column":13}}],"line":4},"2":{"loc":{"start":{"line":31,"column":9},"end":{"line":31,"column":46}},"type":"binary-expr","locations":[{"start":{"line":31,"column":9},"end":{"line":31,"column":15}},{"start":{"line":31,"column":19},"end":{"line":31,"column":46}}],"line":31},"3":{"loc":{"start":{"line":38,"column":8},"end":{"line":38,"column":77}},"type":"cond-expr","locations":[{"start":{"line":38,"column":27},"end":{"line":38,"column":35}},{"start":{"line":38,"column":38},"end":{"line":38,"column":77}}],"line":38},"4":{"loc":{"start":{"line":38,"column":38},"end":{"line":38,"column":77}},"type":"cond-expr","locations":[{"start":{"line":38,"column":62},"end":{"line":38,"column":68}},{"start":{"line":38,"column":71},"end":{"line":38,"column":77}}],"line":38}},"s":{"0":8,"1":8,"2":1,"3":1,"4":1,"5":1,"6":1,"7":1,"8":1,"9":1,"10":1,"11":1,"12":1,"13":1,"14":1,"15":1,"16":1,"17":8,"18":8,"19":8,"20":8,"21":1},"f":{"0":8,"1":8},"b":{"0":[0],"1":[1,1,1,1,1,1,1,1],"2":[8,8],"3":[8,0],"4":[0,0]},"_coverageSchema":"1a1c01bbd47fc00a2c39e90264f33305004495a9","hash":"80f6715818aeba909c4d34666c2b3c7a6e544ec9"}
,"/home/calvin-ubuntu/Arkademy/Tugas/Tugas_RestApi/src/helpers/hash.js": {"path":"/home/calvin-ubuntu/Arkademy/Tugas/Tugas_RestApi/src/helpers/hash.js","statementMap":{"0":{"start":{"line":1,"column":15},"end":{"line":1,"column":32}},"1":{"start":{"line":2,"column":19},"end":{"line":2,"column":21}},"2":{"start":{"line":5,"column":1},"end":{"line":11,"column":2}},"3":{"start":{"line":6,"column":15},"end":{"line":6,"column":47}},"4":{"start":{"line":7,"column":17},"end":{"line":7,"column":50}},"5":{"start":{"line":8,"column":2},"end":{"line":8,"column":16}},"6":{"start":{"line":10,"column":2},"end":{"line":10,"column":14}},"7":{"start":{"line":14,"column":0},"end":{"line":14,"column":30}}},"fnMap":{"0":{"name":"hashPassword","decl":{"start":{"line":4,"column":15},"end":{"line":4,"column":27}},"loc":{"start":{"line":4,"column":38},"end":{"line":12,"column":1}},"line":4}},"branchMap":{},"s":{"0":1,"1":1,"2":2,"3":2,"4":2,"5":1,"6":1,"7":1},"f":{"0":2},"b":{},"_coverageSchema":"1a1c01bbd47fc00a2c39e90264f33305004495a9","hash":"706be910e4093477775fc43c014cecf872ad9c7c"}
}
