TN:
SF:src/helpers/errorhandler.js
FN:1,handler
FN:30,(anonymous_1)
FNF:2
FNH:2
FNDA:8,handler
FNDA:8,(anonymous_1)
DA:2,8
DA:4,8
DA:6,1
DA:7,1
DA:9,1
DA:10,1
DA:12,1
DA:13,1
DA:15,1
DA:16,1
DA:18,1
DA:19,1
DA:21,1
DA:22,1
DA:24,1
DA:25,1
DA:27,1
DA:30,8
DA:31,8
DA:34,8
DA:41,8
DA:44,1
LF:22
LH:22
BRDA:1,0,0,0
BRDA:4,1,0,1
BRDA:4,1,1,1
BRDA:4,1,2,1
BRDA:4,1,3,1
BRDA:4,1,4,1
BRDA:4,1,5,1
BRDA:4,1,6,1
BRDA:4,1,7,1
BRDA:31,2,0,8
BRDA:31,2,1,8
BRDA:38,3,0,8
BRDA:38,3,1,0
BRDA:38,4,0,0
BRDA:38,4,1,0
BRF:15
BRH:11
end_of_record
TN:
SF:src/helpers/hash.js
FN:4,hashPassword
FNF:1
FNH:1
FNDA:2,hashPassword
DA:1,1
DA:2,1
DA:5,2
DA:6,2
DA:7,2
DA:8,1
DA:10,1
DA:14,1
LF:8
LH:8
BRF:0
BRH:0
end_of_record
