TN:
SF:app.js
FNF:0
FNH:0
DA:1,1
DA:2,1
DA:3,1
DA:4,1
DA:5,1
DA:7,1
DA:8,1
DA:9,1
DA:11,1
DA:13,1
LF:10
LH:10
BRF:0
BRH:0
end_of_record
TN:
SF:src/main.js
FN:18,(anonymous_0)
FNF:1
FNH:0
FNDA:0,(anonymous_0)
DA:1,1
DA:2,1
DA:3,1
DA:4,1
DA:5,1
DA:6,1
DA:7,1
DA:8,1
DA:9,1
DA:11,1
DA:12,1
DA:13,1
DA:14,1
DA:15,1
DA:16,1
DA:17,1
DA:18,1
DA:19,0
DA:22,1
LF:19
LH:18
BRF:0
BRH:0
end_of_record
TN:
SF:src/configs/cloudinary.js
FN:3,(anonymous_0)
FNF:1
FNH:1
FNDA:16,(anonymous_0)
DA:1,2
DA:3,2
DA:4,16
DA:9,16
DA:12,2
LF:5
LH:5
BRF:0
BRH:0
end_of_record
TN:
SF:src/configs/db.js
FNF:0
FNH:0
DA:1,1
DA:3,1
DA:11,1
LF:3
LH:3
BRF:0
BRH:0
end_of_record
TN:
SF:src/configs/redis.js
FN:4,(anonymous_0)
FN:11,(anonymous_1)
FN:12,(anonymous_2)
FN:13,(anonymous_3)
FNF:4
FNH:1
FNDA:1,(anonymous_0)
FNDA:0,(anonymous_1)
FNDA:0,(anonymous_2)
FNDA:0,(anonymous_3)
DA:1,1
DA:5,1
DA:12,0
DA:13,0
DA:14,0
DA:15,0
DA:18,0
DA:19,0
DA:26,1
LF:9
LH:3
BRDA:14,0,0,0
BRDA:14,0,1,0
BRDA:18,1,0,0
BRDA:18,1,1,0
BRDA:18,2,0,0
BRDA:18,2,1,0
BRF:6
BRH:0
end_of_record
TN:
SF:src/configs/sequelize.js
FNF:0
FNH:0
DA:1,1
DA:3,1
DA:13,1
LF:3
LH:3
BRF:0
BRH:0
end_of_record
TN:
SF:src/controllers/bag.js
FN:7,(anonymous_0)
FN:20,(anonymous_1)
FN:30,(anonymous_2)
FNF:3
FNH:0
FNDA:0,(anonymous_0)
FNDA:0,(anonymous_1)
FNDA:0,(anonymous_2)
DA:1,1
DA:2,1
DA:3,1
DA:4,1
DA:5,1
DA:7,1
DA:8,0
DA:9,0
DA:10,0
DA:11,0
DA:12,0
DA:13,0
DA:15,0
DA:16,0
DA:20,1
DA:21,0
DA:22,0
DA:23,0
DA:24,0
DA:26,0
DA:30,1
DA:31,0
DA:32,0
DA:33,0
DA:34,0
DA:36,0
DA:40,1
LF:27
LH:9
BRF:0
BRH:0
end_of_record
TN:
SF:src/controllers/category.js
FN:5,(anonymous_0)
FN:14,(anonymous_1)
FN:23,(anonymous_2)
FN:32,(anonymous_3)
FN:41,(anonymous_4)
FNF:5
FNH:0
FNDA:0,(anonymous_0)
FNDA:0,(anonymous_1)
FNDA:0,(anonymous_2)
FNDA:0,(anonymous_3)
FNDA:0,(anonymous_4)
DA:1,1
DA:2,1
DA:3,1
DA:5,1
DA:6,0
DA:7,0
DA:8,0
DA:10,0
DA:14,1
DA:15,0
DA:16,0
DA:17,0
DA:19,0
DA:23,1
DA:24,0
DA:25,0
DA:26,0
DA:28,0
DA:32,1
DA:33,0
DA:34,0
DA:35,0
DA:37,0
DA:41,1
DA:42,0
DA:43,0
DA:44,0
DA:45,0
DA:47,0
DA:51,1
LF:30
LH:9
BRF:0
BRH:0
end_of_record
TN:
SF:src/controllers/login_customers.js
FN:7,(anonymous_0)
FN:25,(anonymous_1)
FNF:2
FNH:0
FNDA:0,(anonymous_0)
FNDA:0,(anonymous_1)
DA:1,1
DA:2,1
DA:3,1
DA:4,1
DA:5,1
DA:7,1
DA:8,0
DA:9,0
DA:13,0
DA:14,0
DA:19,0
DA:21,0
DA:25,1
DA:26,0
DA:27,0
DA:28,0
DA:29,0
DA:30,0
DA:31,0
DA:32,0
DA:34,0
DA:37,0
DA:38,0
DA:42,1
LF:24
LH:8
BRDA:30,0,0,0
BRDA:30,0,1,0
BRF:2
BRH:0
end_of_record
TN:
SF:src/controllers/login_seller.js
FN:7,(anonymous_0)
FN:25,(anonymous_1)
FNF:2
FNH:0
FNDA:0,(anonymous_0)
FNDA:0,(anonymous_1)
DA:1,1
DA:2,1
DA:3,1
DA:4,1
DA:5,1
DA:7,1
DA:8,0
DA:9,0
DA:13,0
DA:14,0
DA:19,0
DA:21,0
DA:25,1
DA:26,0
DA:27,0
DA:28,0
DA:29,0
DA:30,0
DA:31,0
DA:32,0
DA:34,0
DA:37,0
DA:38,0
DA:42,1
LF:24
LH:8
BRDA:30,0,0,0
BRDA:30,0,1,0
BRF:2
BRH:0
end_of_record
TN:
SF:src/controllers/products.js
FN:8,(anonymous_0)
FN:20,(anonymous_1)
FN:29,(anonymous_2)
FN:42,(anonymous_3)
FN:52,(anonymous_4)
FN:86,(anonymous_5)
FN:96,(anonymous_6)
FN:124,(anonymous_7)
FN:135,(anonymous_8)
FNF:9
FNH:3
FNDA:0,(anonymous_0)
FNDA:0,(anonymous_1)
FNDA:3,(anonymous_2)
FNDA:2,(anonymous_3)
FNDA:6,(anonymous_4)
FNDA:0,(anonymous_5)
FNDA:0,(anonymous_6)
FNDA:0,(anonymous_7)
FNDA:0,(anonymous_8)
DA:1,1
DA:2,1
DA:3,1
DA:4,1
DA:5,1
DA:6,1
DA:8,1
DA:9,0
DA:10,0
DA:11,0
DA:12,0
DA:13,0
DA:14,0
DA:16,0
DA:20,1
DA:21,0
DA:22,0
DA:23,0
DA:25,0
DA:29,1
DA:30,3
DA:31,3
DA:32,3
DA:33,2
DA:35,1
DA:38,0
DA:42,1
DA:43,2
DA:44,2
DA:45,2
DA:46,2
DA:48,0
DA:52,1
DA:53,6
DA:54,6
DA:55,6
DA:56,1
DA:57,1
DA:59,6
DA:60,1
DA:61,1
DA:63,6
DA:64,2
DA:65,2
DA:67,6
DA:68,1
DA:69,1
DA:71,6
DA:72,1
DA:73,1
DA:75,6
DA:76,0
DA:77,0
DA:78,0
DA:79,0
DA:82,0
DA:86,1
DA:87,0
DA:88,0
DA:89,0
DA:90,0
DA:92,0
DA:96,1
DA:97,0
DA:98,0
DA:99,0
DA:100,0
DA:101,0
DA:102,0
DA:103,0
DA:105,0
DA:114,0
DA:115,0
DA:116,0
DA:117,0
DA:119,0
DA:120,0
DA:124,1
DA:125,0
DA:126,0
DA:127,0
DA:128,0
DA:129,0
DA:131,0
DA:135,1
DA:136,0
DA:137,0
DA:138,0
DA:139,0
DA:141,0
DA:150,0
DA:151,0
DA:152,0
DA:154,0
DA:155,0
DA:159,1
LF:96
LH:43
BRDA:32,0,0,2
BRDA:32,0,1,1
BRDA:55,1,0,1
BRDA:55,1,1,5
BRDA:59,2,0,1
BRDA:59,2,1,5
BRDA:63,3,0,2
BRDA:63,3,1,4
BRDA:67,4,0,1
BRDA:67,4,1,5
BRDA:71,5,0,1
BRDA:71,5,1,5
BRDA:75,6,0,0
BRDA:75,6,1,6
BRDA:100,7,0,0
BRDA:100,7,1,0
BRDA:102,8,0,0
BRDA:102,8,1,0
BRDA:111,9,0,0
BRDA:111,9,1,0
BRDA:138,10,0,0
BRDA:138,10,1,0
BRDA:147,11,0,0
BRDA:147,11,1,0
BRF:24
BRH:13
end_of_record
TN:
SF:src/controllers/seller-sequelize.js
FN:6,(anonymous_0)
FNF:1
FNH:0
FNDA:0,(anonymous_0)
DA:1,1
DA:2,1
DA:3,1
DA:4,1
DA:6,1
DA:7,0
DA:8,0
DA:9,0
DA:11,0
DA:12,0
DA:13,0
DA:14,0
DA:15,0
DA:17,0
DA:18,0
DA:19,0
DA:27,0
DA:28,0
DA:29,0
DA:31,0
DA:39,0
DA:40,0
DA:41,0
DA:44,0
DA:45,0
DA:49,1
LF:26
LH:6
BRDA:12,0,0,0
BRDA:12,0,1,0
BRDA:14,1,0,0
BRDA:14,1,1,0
BRDA:17,2,0,0
BRDA:17,2,1,0
BRF:6
BRH:0
end_of_record
TN:
SF:src/controllers/seller.js
FN:9,(anonymous_0)
FN:32,(anonymous_1)
FN:46,(anonymous_2)
FNF:3
FNH:0
FNDA:0,(anonymous_0)
FNDA:0,(anonymous_1)
FNDA:0,(anonymous_2)
DA:1,1
DA:2,1
DA:3,1
DA:4,1
DA:5,1
DA:6,1
DA:7,1
DA:9,1
DA:10,0
DA:11,0
DA:12,0
DA:13,0
DA:20,0
DA:21,0
DA:23,0
DA:25,0
DA:27,0
DA:28,0
DA:32,1
DA:33,0
DA:34,0
DA:35,0
DA:36,0
DA:38,0
DA:39,0
DA:40,0
DA:42,0
DA:46,1
DA:47,0
DA:48,0
DA:49,0
DA:50,0
DA:51,0
DA:52,0
DA:54,0
DA:55,0
DA:59,1
LF:37
LH:11
BRDA:20,0,0,0
BRDA:20,0,1,0
BRDA:35,1,0,0
BRDA:35,1,1,0
BRF:4
BRH:0
end_of_record
TN:
SF:src/controllers/users-sequelize.js
FN:6,(anonymous_0)
FNF:1
FNH:0
FNDA:0,(anonymous_0)
DA:1,1
DA:2,1
DA:3,1
DA:4,1
DA:6,1
DA:7,0
DA:8,0
DA:9,0
DA:11,0
DA:12,0
DA:13,0
DA:14,0
DA:15,0
DA:17,0
DA:18,0
DA:19,0
DA:27,0
DA:28,0
DA:29,0
DA:31,0
DA:39,0
DA:40,0
DA:41,0
DA:44,0
DA:45,0
DA:49,1
LF:26
LH:6
BRDA:12,0,0,0
BRDA:12,0,1,0
BRDA:14,1,0,0
BRDA:14,1,1,0
BRDA:17,2,0,0
BRDA:17,2,1,0
BRF:6
BRH:0
end_of_record
TN:
SF:src/controllers/users.js
FN:6,(anonymous_0)
FN:26,(anonymous_1)
FN:40,(anonymous_2)
FNF:3
FNH:0
FNDA:0,(anonymous_0)
FNDA:0,(anonymous_1)
FNDA:0,(anonymous_2)
DA:1,1
DA:2,1
DA:3,1
DA:4,1
DA:6,1
DA:7,0
DA:8,0
DA:9,0
DA:10,0
DA:15,0
DA:16,0
DA:18,0
DA:19,0
DA:21,0
DA:22,0
DA:26,1
DA:27,0
DA:28,0
DA:29,0
DA:30,0
DA:32,0
DA:33,0
DA:34,0
DA:36,0
DA:40,1
DA:41,0
DA:42,0
DA:43,0
DA:45,0
DA:49,1
LF:30
LH:8
BRDA:15,0,0,0
BRDA:15,0,1,0
BRDA:29,1,0,0
BRDA:29,1,1,0
BRF:4
BRH:0
end_of_record
TN:
SF:src/helpers/errorhandler.js
FN:1,handler
FN:30,(anonymous_1)
FNF:2
FNH:2
FNDA:24,handler
FNDA:24,(anonymous_1)
DA:2,24
DA:4,24
DA:6,16
DA:7,16
DA:9,1
DA:10,1
DA:12,2
DA:13,2
DA:15,1
DA:16,1
DA:18,1
DA:19,1
DA:21,1
DA:22,1
DA:24,1
DA:25,1
DA:27,1
DA:30,24
DA:31,24
DA:34,24
DA:41,24
DA:44,2
LF:22
LH:22
BRDA:1,0,0,0
BRDA:4,1,0,16
BRDA:4,1,1,1
BRDA:4,1,2,2
BRDA:4,1,3,1
BRDA:4,1,4,1
BRDA:4,1,5,1
BRDA:4,1,6,1
BRDA:4,1,7,1
BRDA:31,2,0,24
BRDA:31,2,1,24
BRDA:38,3,0,9
BRDA:38,3,1,15
BRDA:38,4,0,15
BRDA:38,4,1,0
BRF:15
BRH:13
end_of_record
TN:
SF:src/helpers/hash.js
FN:4,hashPassword
FNF:1
FNH:1
FNDA:2,hashPassword
DA:1,2
DA:2,2
DA:5,2
DA:6,2
DA:7,2
DA:8,1
DA:10,1
DA:14,2
LF:8
LH:8
BRF:0
BRH:0
end_of_record
TN:
SF:src/helpers/logger.js
FN:21,(anonymous_0)
FNF:1
FNH:1
FNDA:7,(anonymous_0)
DA:1,1
DA:2,1
DA:4,1
DA:21,1
DA:22,7
DA:25,1
DA:35,1
LF:7
LH:7
BRF:0
BRH:0
end_of_record
TN:
SF:src/helpers/upload_cloud.js
FN:3,uploads
FN:16,uploadsUser
FN:28,uploadsStore
FNF:3
FNH:0
FNDA:0,uploads
FNDA:0,uploadsUser
FNDA:0,uploadsStore
DA:1,1
DA:4,0
DA:5,0
DA:9,0
DA:10,0
DA:12,0
DA:17,0
DA:18,0
DA:22,0
DA:24,0
DA:29,0
DA:30,0
DA:34,0
DA:36,0
DA:40,1
LF:15
LH:2
BRF:0
BRH:0
end_of_record
TN:
SF:src/middleware/cache.js
FN:5,(anonymous_0)
FN:6,(anonymous_1)
FN:20,(anonymous_2)
FN:21,(anonymous_3)
FN:35,(anonymous_4)
FN:36,(anonymous_5)
FNF:6
FNH:2
FNDA:5,(anonymous_0)
FNDA:5,(anonymous_1)
FNDA:0,(anonymous_2)
FNDA:0,(anonymous_3)
FNDA:0,(anonymous_4)
FNDA:0,(anonymous_5)
DA:1,1
DA:2,1
DA:3,1
DA:5,1
DA:6,5
DA:7,5
DA:8,0
DA:10,5
DA:11,5
DA:12,5
DA:13,5
DA:15,0
DA:20,1
DA:21,0
DA:22,0
DA:23,0
DA:25,0
DA:26,0
DA:27,0
DA:28,0
DA:30,0
DA:35,1
DA:36,0
DA:37,0
DA:38,0
DA:40,0
DA:41,0
DA:42,0
DA:43,0
DA:45,0
DA:50,1
LF:31
LH:13
BRDA:7,0,0,0
BRDA:7,0,1,5
BRDA:10,1,0,5
BRDA:10,1,1,0
BRDA:22,2,0,0
BRDA:22,2,1,0
BRDA:25,3,0,0
BRDA:25,3,1,0
BRDA:37,4,0,0
BRDA:37,4,1,0
BRDA:40,5,0,0
BRDA:40,5,1,0
BRF:12
BRH:2
end_of_record
TN:
SF:src/middleware/upload.js
FN:5,(anonymous_0)
FN:11,(anonymous_1)
FNF:2
FNH:0
FNDA:0,(anonymous_0)
FNDA:0,(anonymous_1)
DA:1,1
DA:3,1
DA:6,0
DA:7,0
DA:11,1
DA:12,0
DA:17,0
DA:19,0
DA:23,1
DA:28,1
LF:10
LH:5
BRDA:12,0,0,0
BRDA:12,0,1,0
BRDA:13,1,0,0
BRDA:13,1,1,0
BRDA:13,1,2,0
BRF:5
BRH:0
end_of_record
TN:
SF:src/middleware/validate.js
FN:4,(anonymous_0)
FN:5,(anonymous_1)
FN:10,(anonymous_2)
FNF:3
FNH:1
FNDA:10,(anonymous_0)
FNDA:0,(anonymous_1)
FNDA:0,(anonymous_2)
DA:1,1
DA:2,1
DA:4,1
DA:5,10
DA:6,0
DA:7,0
DA:8,0
DA:10,0
DA:11,0
DA:12,0
DA:14,0
DA:15,0
DA:17,0
DA:23,1
LF:14
LH:5
BRDA:7,0,0,0
BRDA:7,0,1,0
BRDA:11,1,0,0
BRDA:11,1,1,0
BRDA:14,2,0,0
BRDA:14,2,1,0
BRF:6
BRH:0
end_of_record
TN:
SF:src/models/bag.js
FN:4,(anonymous_0)
FN:5,(anonymous_1)
FN:7,(anonymous_2)
FN:10,(anonymous_3)
FN:17,(anonymous_4)
FN:18,(anonymous_5)
FN:20,(anonymous_6)
FN:24,(anonymous_7)
FN:30,(anonymous_8)
FN:31,(anonymous_9)
FN:35,(anonymous_10)
FN:40,(anonymous_11)
FNF:12
FNH:0
FNDA:0,(anonymous_0)
FNDA:0,(anonymous_1)
FNDA:0,(anonymous_2)
FNDA:0,(anonymous_3)
FNDA:0,(anonymous_4)
FNDA:0,(anonymous_5)
FNDA:0,(anonymous_6)
FNDA:0,(anonymous_7)
FNDA:0,(anonymous_8)
FNDA:0,(anonymous_9)
FNDA:0,(anonymous_10)
FNDA:0,(anonymous_11)
DA:1,1
DA:2,1
DA:4,1
DA:5,0
DA:6,0
DA:8,0
DA:11,0
DA:12,0
DA:17,1
DA:18,0
DA:19,0
DA:21,0
DA:22,0
DA:25,0
DA:30,1
DA:31,0
DA:32,0
DA:36,0
DA:37,0
DA:38,0
DA:41,0
DA:46,1
LF:22
LH:6
BRF:0
BRH:0
end_of_record
TN:
SF:src/models/category.js
FN:4,(anonymous_0)
FN:5,(anonymous_1)
FN:7,(anonymous_2)
FN:10,(anonymous_3)
FN:16,(anonymous_4)
FN:17,(anonymous_5)
FN:22,(anonymous_6)
FN:25,(anonymous_7)
FN:32,(anonymous_8)
FN:33,(anonymous_9)
FN:38,(anonymous_10)
FN:45,(anonymous_11)
FN:52,(anonymous_12)
FN:53,(anonymous_13)
FN:58,(anonymous_14)
FN:62,(anonymous_15)
FNF:16
FNH:0
FNDA:0,(anonymous_0)
FNDA:0,(anonymous_1)
FNDA:0,(anonymous_2)
FNDA:0,(anonymous_3)
FNDA:0,(anonymous_4)
FNDA:0,(anonymous_5)
FNDA:0,(anonymous_6)
FNDA:0,(anonymous_7)
FNDA:0,(anonymous_8)
FNDA:0,(anonymous_9)
FNDA:0,(anonymous_10)
FNDA:0,(anonymous_11)
FNDA:0,(anonymous_12)
FNDA:0,(anonymous_13)
FNDA:0,(anonymous_14)
FNDA:0,(anonymous_15)
DA:1,1
DA:2,1
DA:4,1
DA:5,0
DA:6,0
DA:8,0
DA:11,0
DA:16,1
DA:17,0
DA:18,0
DA:23,0
DA:26,0
DA:27,0
DA:32,1
DA:33,0
DA:34,0
DA:39,0
DA:43,0
DA:46,0
DA:47,0
DA:52,1
DA:53,0
DA:54,0
DA:59,0
DA:60,0
DA:63,0
DA:68,1
LF:27
LH:7
BRF:0
BRH:0
end_of_record
TN:
SF:src/models/products.js
FN:4,(anonymous_0)
FN:5,(anonymous_1)
FN:7,(anonymous_2)
FN:10,(anonymous_3)
FN:16,(anonymous_4)
FN:17,(anonymous_5)
FN:19,(anonymous_6)
FN:22,(anonymous_7)
FN:29,(anonymous_8)
FN:30,(anonymous_9)
FN:34,(anonymous_10)
FN:38,(anonymous_11)
FN:45,(anonymous_12)
FN:46,(anonymous_13)
FN:50,(anonymous_14)
FN:53,(anonymous_15)
FN:60,(anonymous_16)
FN:61,(anonymous_17)
FN:63,(anonymous_18)
FN:66,(anonymous_19)
FN:72,(anonymous_20)
FN:73,(anonymous_21)
FN:75,(anonymous_22)
FN:78,(anonymous_23)
FN:84,(anonymous_24)
FN:85,(anonymous_25)
FN:87,(anonymous_26)
FN:90,(anonymous_27)
FN:96,(anonymous_28)
FN:97,(anonymous_29)
FN:99,(anonymous_30)
FN:102,(anonymous_31)
FN:108,(anonymous_32)
FN:109,(anonymous_33)
FN:111,(anonymous_34)
FN:114,(anonymous_35)
FN:120,(anonymous_36)
FN:121,(anonymous_37)
FN:123,(anonymous_38)
FN:126,(anonymous_39)
FN:132,(anonymous_40)
FN:133,(anonymous_41)
FN:138,(anonymous_42)
FN:142,(anonymous_43)
FN:148,(anonymous_44)
FN:149,(anonymous_45)
FN:162,(anonymous_46)
FN:166,(anonymous_47)
FN:173,(anonymous_48)
FN:174,(anonymous_49)
FN:176,(anonymous_50)
FN:179,(anonymous_51)
FN:185,(anonymous_52)
FN:186,(anonymous_53)
FN:190,(anonymous_54)
FN:194,(anonymous_55)
FN:200,(anonymous_56)
FN:201,(anonymous_57)
FN:213,(anonymous_58)
FN:216,(anonymous_59)
FN:223,(anonymous_60)
FN:224,(anonymous_61)
FN:226,(anonymous_62)
FN:229,(anonymous_63)
FNF:64
FNH:18
FNDA:0,(anonymous_0)
FNDA:0,(anonymous_1)
FNDA:0,(anonymous_2)
FNDA:0,(anonymous_3)
FNDA:0,(anonymous_4)
FNDA:0,(anonymous_5)
FNDA:0,(anonymous_6)
FNDA:0,(anonymous_7)
FNDA:0,(anonymous_8)
FNDA:0,(anonymous_9)
FNDA:0,(anonymous_10)
FNDA:0,(anonymous_11)
FNDA:5,(anonymous_12)
FNDA:5,(anonymous_13)
FNDA:5,(anonymous_14)
FNDA:0,(anonymous_15)
FNDA:1,(anonymous_16)
FNDA:1,(anonymous_17)
FNDA:1,(anonymous_18)
FNDA:0,(anonymous_19)
FNDA:0,(anonymous_20)
FNDA:0,(anonymous_21)
FNDA:0,(anonymous_22)
FNDA:0,(anonymous_23)
FNDA:1,(anonymous_24)
FNDA:1,(anonymous_25)
FNDA:1,(anonymous_26)
FNDA:0,(anonymous_27)
FNDA:1,(anonymous_28)
FNDA:1,(anonymous_29)
FNDA:1,(anonymous_30)
FNDA:0,(anonymous_31)
FNDA:2,(anonymous_32)
FNDA:2,(anonymous_33)
FNDA:2,(anonymous_34)
FNDA:0,(anonymous_35)
FNDA:1,(anonymous_36)
FNDA:1,(anonymous_37)
FNDA:1,(anonymous_38)
FNDA:0,(anonymous_39)
FNDA:0,(anonymous_40)
FNDA:0,(anonymous_41)
FNDA:0,(anonymous_42)
FNDA:0,(anonymous_43)
FNDA:0,(anonymous_44)
FNDA:0,(anonymous_45)
FNDA:0,(anonymous_46)
FNDA:0,(anonymous_47)
FNDA:0,(anonymous_48)
FNDA:0,(anonymous_49)
FNDA:0,(anonymous_50)
FNDA:0,(anonymous_51)
FNDA:0,(anonymous_52)
FNDA:0,(anonymous_53)
FNDA:0,(anonymous_54)
FNDA:0,(anonymous_55)
FNDA:0,(anonymous_56)
FNDA:0,(anonymous_57)
FNDA:0,(anonymous_58)
FNDA:0,(anonymous_59)
FNDA:0,(anonymous_60)
FNDA:0,(anonymous_61)
FNDA:0,(anonymous_62)
FNDA:0,(anonymous_63)
DA:1,1
DA:2,1
DA:4,1
DA:5,0
DA:6,0
DA:8,0
DA:11,0
DA:16,1
DA:17,0
DA:18,0
DA:20,0
DA:23,0
DA:24,0
DA:29,1
DA:30,0
DA:31,0
DA:35,0
DA:36,0
DA:39,0
DA:40,0
DA:45,1
DA:46,5
DA:47,5
DA:51,5
DA:54,0
DA:55,0
DA:60,1
DA:61,1
DA:62,1
DA:64,1
DA:67,0
DA:72,1
DA:73,0
DA:74,0
DA:76,0
DA:79,0
DA:84,1
DA:85,1
DA:86,1
DA:88,1
DA:91,0
DA:96,1
DA:97,1
DA:98,1
DA:100,1
DA:103,0
DA:108,1
DA:109,2
DA:110,2
DA:112,2
DA:115,0
DA:120,1
DA:121,1
DA:122,1
DA:124,1
DA:127,0
DA:132,1
DA:133,0
DA:134,0
DA:139,0
DA:140,0
DA:143,0
DA:148,1
DA:149,0
DA:150,0
DA:163,0
DA:164,0
DA:167,0
DA:168,0
DA:173,1
DA:174,0
DA:175,0
DA:177,0
DA:180,0
DA:185,1
DA:186,0
DA:187,0
DA:191,0
DA:192,0
DA:195,0
DA:200,1
DA:201,0
DA:202,0
DA:214,0
DA:217,0
DA:218,0
DA:223,1
DA:224,0
DA:225,0
DA:227,0
DA:230,0
DA:235,1
LF:92
LH:37
BRF:0
BRH:0
end_of_record
TN:
SF:src/models/seller-sequelize.js
FN:5,(anonymous_0)
FN:50,(anonymous_1)
FN:51,(anonymous_2)
FN:63,(anonymous_3)
FN:66,(anonymous_4)
FN:71,(anonymous_5)
FN:72,(anonymous_6)
FN:75,(anonymous_7)
FN:78,(anonymous_8)
FNF:9
FNH:1
FNDA:1,(anonymous_0)
FNDA:0,(anonymous_1)
FNDA:0,(anonymous_2)
FNDA:0,(anonymous_3)
FNDA:0,(anonymous_4)
FNDA:0,(anonymous_5)
FNDA:0,(anonymous_6)
FNDA:0,(anonymous_7)
FNDA:0,(anonymous_8)
DA:1,1
DA:2,1
DA:6,1
DA:51,0
DA:53,0
DA:54,0
DA:64,0
DA:67,0
DA:72,0
DA:73,0
DA:76,0
DA:79,0
DA:85,1
LF:13
LH:4
BRF:0
BRH:0
end_of_record
TN:
SF:src/models/seller.js
FN:4,(anonymous_0)
FN:5,(anonymous_1)
FN:10,(anonymous_2)
FN:14,(anonymous_3)
FN:20,(anonymous_4)
FN:21,(anonymous_5)
FN:23,(anonymous_6)
FN:26,(anonymous_7)
FN:32,(anonymous_8)
FN:33,(anonymous_9)
FN:37,(anonymous_10)
FN:41,(anonymous_11)
FN:47,(anonymous_12)
FN:48,(anonymous_13)
FN:50,(anonymous_14)
FN:54,(anonymous_15)
FNF:16
FNH:0
FNDA:0,(anonymous_0)
FNDA:0,(anonymous_1)
FNDA:0,(anonymous_2)
FNDA:0,(anonymous_3)
FNDA:0,(anonymous_4)
FNDA:0,(anonymous_5)
FNDA:0,(anonymous_6)
FNDA:0,(anonymous_7)
FNDA:0,(anonymous_8)
FNDA:0,(anonymous_9)
FNDA:0,(anonymous_10)
FNDA:0,(anonymous_11)
FNDA:0,(anonymous_12)
FNDA:0,(anonymous_13)
FNDA:0,(anonymous_14)
FNDA:0,(anonymous_15)
DA:1,1
DA:2,1
DA:4,1
DA:5,0
DA:6,0
DA:11,0
DA:12,0
DA:15,0
DA:20,1
DA:21,0
DA:22,0
DA:24,0
DA:27,0
DA:32,1
DA:33,0
DA:34,0
DA:38,0
DA:39,0
DA:42,0
DA:47,1
DA:48,0
DA:49,0
DA:51,0
DA:52,0
DA:55,0
DA:60,1
LF:26
LH:7
BRF:0
BRH:0
end_of_record
TN:
SF:src/models/users-sequelize.js
FN:5,(anonymous_0)
FN:54,(anonymous_1)
FN:55,(anonymous_2)
FN:66,(anonymous_3)
FN:69,(anonymous_4)
FN:74,(anonymous_5)
FN:75,(anonymous_6)
FN:78,(anonymous_7)
FN:81,(anonymous_8)
FNF:9
FNH:1
FNDA:1,(anonymous_0)
FNDA:0,(anonymous_1)
FNDA:0,(anonymous_2)
FNDA:0,(anonymous_3)
FNDA:0,(anonymous_4)
FNDA:0,(anonymous_5)
FNDA:0,(anonymous_6)
FNDA:0,(anonymous_7)
FNDA:0,(anonymous_8)
DA:1,1
DA:2,1
DA:6,1
DA:55,0
DA:56,0
DA:57,0
DA:67,0
DA:70,0
DA:75,0
DA:76,0
DA:79,0
DA:82,0
DA:88,1
LF:13
LH:4
BRF:0
BRH:0
end_of_record
TN:
SF:src/models/users.js
FN:4,(anonymous_0)
FN:5,(anonymous_1)
FN:11,(anonymous_2)
FN:14,(anonymous_3)
FN:20,(anonymous_4)
FN:21,(anonymous_5)
FN:23,(anonymous_6)
FN:26,(anonymous_7)
FN:32,(anonymous_8)
FN:33,(anonymous_9)
FN:37,(anonymous_10)
FN:41,(anonymous_11)
FN:47,(anonymous_12)
FN:48,(anonymous_13)
FN:50,(anonymous_14)
FN:53,(anonymous_15)
FNF:16
FNH:0
FNDA:0,(anonymous_0)
FNDA:0,(anonymous_1)
FNDA:0,(anonymous_2)
FNDA:0,(anonymous_3)
FNDA:0,(anonymous_4)
FNDA:0,(anonymous_5)
FNDA:0,(anonymous_6)
FNDA:0,(anonymous_7)
FNDA:0,(anonymous_8)
FNDA:0,(anonymous_9)
FNDA:0,(anonymous_10)
FNDA:0,(anonymous_11)
FNDA:0,(anonymous_12)
FNDA:0,(anonymous_13)
FNDA:0,(anonymous_14)
FNDA:0,(anonymous_15)
DA:1,1
DA:2,1
DA:4,1
DA:5,0
DA:6,0
DA:12,0
DA:15,0
DA:20,1
DA:21,0
DA:22,0
DA:24,0
DA:27,0
DA:32,1
DA:33,0
DA:34,0
DA:38,0
DA:39,0
DA:42,0
DA:47,1
DA:48,0
DA:49,0
DA:51,0
DA:54,0
DA:55,0
DA:60,1
LF:25
LH:7
BRF:0
BRH:0
end_of_record
TN:
SF:src/routes/bag.js
FNF:0
FNH:0
DA:1,1
DA:2,1
DA:3,1
DA:4,1
DA:5,1
DA:7,1
DA:8,1
DA:9,1
DA:11,1
LF:9
LH:9
BRF:0
BRH:0
end_of_record
TN:
SF:src/routes/category.js
FNF:0
FNH:0
DA:1,1
DA:2,1
DA:3,1
DA:5,1
DA:6,1
DA:7,1
DA:8,1
DA:10,1
LF:8
LH:8
BRF:0
BRH:0
end_of_record
TN:
SF:src/routes/login.js
FNF:0
FNH:0
DA:1,1
DA:2,1
DA:3,1
DA:4,1
DA:6,1
DA:7,1
DA:9,1
LF:7
LH:7
BRF:0
BRH:0
end_of_record
TN:
SF:src/routes/products.js
FNF:0
FNH:0
DA:1,1
DA:2,1
DA:3,1
DA:4,1
DA:5,1
DA:7,1
DA:8,1
DA:13,1
DA:14,1
DA:15,1
DA:16,1
DA:18,1
LF:12
LH:12
BRF:0
BRH:0
end_of_record
TN:
SF:src/routes/seller.js
FNF:0
FNH:0
DA:1,1
DA:2,1
DA:3,1
DA:4,1
DA:5,1
DA:6,1
DA:7,1
DA:8,1
DA:10,1
DA:11,1
DA:12,1
DA:18,1
DA:24,1
DA:25,1
DA:32,1
DA:39,1
LF:16
LH:16
BRF:0
BRH:0
end_of_record
TN:
SF:src/routes/users.js
FNF:0
FNH:0
DA:1,1
DA:2,1
DA:3,1
DA:4,1
DA:5,1
DA:6,1
DA:8,1
DA:9,1
DA:10,1
DA:11,1
DA:18,1
LF:11
LH:11
BRF:0
BRH:0
end_of_record
